{"/home/url-fuzzing/languagefuzzing/JavaScriptCoverage/node_modules/whatwg-url/index.js":{"path":"/home/url-fuzzing/languagefuzzing/JavaScriptCoverage/node_modules/whatwg-url/index.js","s":{"1":1,"2":1,"3":1,"4":1,"5":1,"6":1,"7":1,"8":1,"9":1,"10":1,"11":1,"12":1,"13":1,"14":1,"15":1,"16":1,"17":1,"18":1},"b":{},"f":{},"fnMap":{},"statementMap":{"1":{"start":{"line":3,"column":0},"end":{"line":3,"column":64}},"2":{"start":{"line":4,"column":0},"end":{"line":4,"column":59}},"3":{"start":{"line":5,"column":0},"end":{"line":5,"column":47}},"4":{"start":{"line":7,"column":0},"end":{"line":7,"column":30}},"5":{"start":{"line":8,"column":0},"end":{"line":8,"column":32}},"6":{"start":{"line":9,"column":0},"end":{"line":9,"column":44}},"7":{"start":{"line":11,"column":0},"end":{"line":11,"column":37}},"8":{"start":{"line":12,"column":0},"end":{"line":12,"column":61}},"9":{"start":{"line":14,"column":0},"end":{"line":14,"column":44}},"10":{"start":{"line":15,"column":0},"end":{"line":15,"column":54}},"11":{"start":{"line":16,"column":0},"end":{"line":16,"column":52}},"12":{"start":{"line":17,"column":0},"end":{"line":17,"column":54}},"13":{"start":{"line":18,"column":0},"end":{"line":18,"column":60}},"14":{"start":{"line":19,"column":0},"end":{"line":19,"column":64}},"15":{"start":{"line":20,"column":0},"end":{"line":20,"column":56}},"16":{"start":{"line":21,"column":0},"end":{"line":21,"column":56}},"17":{"start":{"line":22,"column":0},"end":{"line":22,"column":90}},"18":{"start":{"line":24,"column":0},"end":{"line":24,"column":49}}},"branchMap":{}},"/home/url-fuzzing/languagefuzzing/JavaScriptCoverage/node_modules/whatwg-url/webidl2js-wrapper.js":{"path":"/home/url-fuzzing/languagefuzzing/JavaScriptCoverage/node_modules/whatwg-url/webidl2js-wrapper.js","s":{"1":1,"2":1,"3":1,"4":1},"b":{},"f":{},"fnMap":{},"statementMap":{"1":{"start":{"line":3,"column":0},"end":{"line":3,"column":33}},"2":{"start":{"line":4,"column":0},"end":{"line":4,"column":57}},"3":{"start":{"line":6,"column":0},"end":{"line":6,"column":18}},"4":{"start":{"line":7,"column":0},"end":{"line":7,"column":42}}},"branchMap":{}},"/home/url-fuzzing/languagefuzzing/JavaScriptCoverage/node_modules/whatwg-url/lib/URL.js":{"path":"/home/url-fuzzing/languagefuzzing/JavaScriptCoverage/node_modules/whatwg-url/lib/URL.js","s":{"1":1,"2":1,"3":1,"4":1,"5":1,"6":1,"7":1,"8":0,"9":0,"10":0,"11":0,"12":0,"13":0,"14":0,"15":1,"16":0,"17":0,"18":0,"19":0,"20":0,"21":0,"22":0,"23":0,"24":1,"25":0,"26":0,"27":0,"28":1,"29":0,"30":0,"31":0,"32":0,"33":0,"34":0,"35":0,"36":0,"37":1,"38":0,"39":0,"40":1,"41":1,"42":216,"43":216,"44":216,"45":215,"46":215,"47":0,"48":215,"49":1,"50":216,"51":0,"52":216,"53":216,"54":216,"55":216,"56":216,"57":216,"58":0,"59":216,"60":216,"61":0,"62":0,"63":0,"64":0,"65":0,"66":0,"67":0,"68":0,"69":0,"70":0,"71":0,"72":0,"73":0,"74":0,"75":0,"76":0,"77":0,"78":0,"79":0,"80":0,"81":0,"82":0,"83":0,"84":0,"85":0,"86":0,"87":0,"88":0,"89":0,"90":0,"91":0,"92":0,"93":0,"94":0,"95":0,"96":0,"97":0,"98":0,"99":0,"100":0,"101":0,"102":0,"103":0,"104":0,"105":0,"106":0,"107":0,"108":0,"109":0,"110":0,"111":0,"112":0,"113":0,"114":0,"115":0,"116":0,"117":0,"118":0,"119":0,"120":0,"121":0,"122":0,"123":0,"124":0,"125":0,"126":0,"127":0,"128":0,"129":0,"130":0,"131":0,"132":0,"133":0,"134":0,"135":0,"136":0,"137":0,"138":0,"139":0,"140":0,"141":0,"142":0,"143":0,"144":1,"145":1,"146":1,"147":1,"148":1,"149":1},"b":{"1":[0,0],"2":[0,0],"3":[0,0],"4":[0,0],"5":[0,0],"6":[0,0],"7":[0,0],"8":[0,0],"9":[0,0],"10":[0,0],"11":[0,215],"12":[0,216],"13":[0,216],"14":[0,0],"15":[0,0],"16":[0,0],"17":[0,0],"18":[0,0],"19":[0,0],"20":[0,0],"21":[0,0],"22":[0,0],"23":[0,0],"24":[0,0],"25":[0,0],"26":[0,0],"27":[0,0],"28":[0,0],"29":[0,0],"30":[0,0],"31":[0,0],"32":[0,0],"33":[0,0],"34":[0,0],"35":[0,0],"36":[0,0],"37":[0,0],"38":[0,0],"39":[0,0],"40":[0,0],"41":[0,0],"42":[0,0],"43":[0,0],"44":[0,0],"45":[0,0],"46":[0,0],"47":[0,0],"48":[0,0],"49":[0,0],"50":[0,0],"51":[0,0],"52":[0,0],"53":[0,0],"54":[0,0],"55":[0,0],"56":[0,0],"57":[0,0],"58":[0,0],"59":[0,0],"60":[0,0],"61":[0,0],"62":[1,0]},"f":{"1":0,"2":0,"3":0,"4":0,"5":0,"6":216,"7":216,"8":1,"9":216,"10":0,"11":0,"12":0,"13":0,"14":0,"15":0,"16":0,"17":0,"18":0,"19":0,"20":0,"21":0,"22":0,"23":0,"24":0,"25":0,"26":0,"27":0,"28":0,"29":0,"30":0,"31":0,"32":0,"33":0},"fnMap":{"1":{"name":"is","line":17,"loc":{"start":{"line":17,"column":13},"end":{"line":17,"column":30}}},"2":{"name":"isImpl","line":30,"loc":{"start":{"line":30,"column":17},"end":{"line":30,"column":38}}},"3":{"name":"convert","line":45,"loc":{"start":{"line":45,"column":18},"end":{"line":45,"column":81}}},"4":{"name":"create","line":52,"loc":{"start":{"line":52,"column":17},"end":{"line":52,"column":77}}},"5":{"name":"createImpl","line":66,"loc":{"start":{"line":66,"column":21},"end":{"line":66,"column":85}}},"6":{"name":"_internalSetup","line":70,"loc":{"start":{"line":70,"column":25},"end":{"line":70,"column":54}}},"7":{"name":"setup","line":71,"loc":{"start":{"line":71,"column":16},"end":{"line":71,"column":90}}},"8":{"name":"install","line":87,"loc":{"start":{"line":87,"column":18},"end":{"line":87,"column":49}}},"9":{"name":"(anonymous_9)","line":89,"loc":{"start":{"line":89,"column":15},"end":{"line":89,"column":21}}},"10":{"name":"(anonymous_10)","line":111,"loc":{"start":{"line":111,"column":10},"end":{"line":111,"column":13}}},"11":{"name":"(anonymous_11)","line":119,"loc":{"start":{"line":119,"column":12},"end":{"line":119,"column":15}}},"12":{"name":"(anonymous_12)","line":127,"loc":{"start":{"line":127,"column":12},"end":{"line":127,"column":16}}},"13":{"name":"(anonymous_13)","line":137,"loc":{"start":{"line":137,"column":12},"end":{"line":137,"column":15}}},"14":{"name":"(anonymous_14)","line":144,"loc":{"start":{"line":144,"column":14},"end":{"line":144,"column":17}}},"15":{"name":"(anonymous_15)","line":152,"loc":{"start":{"line":152,"column":16},"end":{"line":152,"column":19}}},"16":{"name":"(anonymous_16)","line":160,"loc":{"start":{"line":160,"column":16},"end":{"line":160,"column":20}}},"17":{"name":"(anonymous_17)","line":172,"loc":{"start":{"line":172,"column":16},"end":{"line":172,"column":19}}},"18":{"name":"(anonymous_18)","line":180,"loc":{"start":{"line":180,"column":16},"end":{"line":180,"column":20}}},"19":{"name":"(anonymous_19)","line":192,"loc":{"start":{"line":192,"column":16},"end":{"line":192,"column":19}}},"20":{"name":"(anonymous_20)","line":200,"loc":{"start":{"line":200,"column":16},"end":{"line":200,"column":20}}},"21":{"name":"(anonymous_21)","line":212,"loc":{"start":{"line":212,"column":12},"end":{"line":212,"column":15}}},"22":{"name":"(anonymous_22)","line":220,"loc":{"start":{"line":220,"column":12},"end":{"line":220,"column":16}}},"23":{"name":"(anonymous_23)","line":230,"loc":{"start":{"line":230,"column":16},"end":{"line":230,"column":19}}},"24":{"name":"(anonymous_24)","line":238,"loc":{"start":{"line":238,"column":16},"end":{"line":238,"column":20}}},"25":{"name":"(anonymous_25)","line":250,"loc":{"start":{"line":250,"column":12},"end":{"line":250,"column":15}}},"26":{"name":"(anonymous_26)","line":258,"loc":{"start":{"line":258,"column":12},"end":{"line":258,"column":16}}},"27":{"name":"(anonymous_27)","line":268,"loc":{"start":{"line":268,"column":16},"end":{"line":268,"column":19}}},"28":{"name":"(anonymous_28)","line":276,"loc":{"start":{"line":276,"column":16},"end":{"line":276,"column":20}}},"29":{"name":"(anonymous_29)","line":288,"loc":{"start":{"line":288,"column":14},"end":{"line":288,"column":17}}},"30":{"name":"(anonymous_30)","line":296,"loc":{"start":{"line":296,"column":14},"end":{"line":296,"column":18}}},"31":{"name":"(anonymous_31)","line":306,"loc":{"start":{"line":306,"column":20},"end":{"line":306,"column":23}}},"32":{"name":"(anonymous_32)","line":316,"loc":{"start":{"line":316,"column":12},"end":{"line":316,"column":15}}},"33":{"name":"(anonymous_33)","line":324,"loc":{"start":{"line":324,"column":12},"end":{"line":324,"column":16}}}},"statementMap":{"1":{"start":{"line":3,"column":0},"end":{"line":3,"column":50}},"2":{"start":{"line":4,"column":0},"end":{"line":4,"column":36}},"3":{"start":{"line":6,"column":0},"end":{"line":6,"column":30}},"4":{"start":{"line":7,"column":0},"end":{"line":7,"column":46}},"5":{"start":{"line":9,"column":0},"end":{"line":9,"column":28}},"6":{"start":{"line":16,"column":0},"end":{"line":16,"column":34}},"7":{"start":{"line":17,"column":0},"end":{"line":29,"column":2}},"8":{"start":{"line":18,"column":2},"end":{"line":27,"column":3}},"9":{"start":{"line":19,"column":4},"end":{"line":21,"column":5}},"10":{"start":{"line":20,"column":6},"end":{"line":20,"column":18}},"11":{"start":{"line":22,"column":4},"end":{"line":26,"column":5}},"12":{"start":{"line":23,"column":6},"end":{"line":25,"column":7}},"13":{"start":{"line":24,"column":8},"end":{"line":24,"column":20}},"14":{"start":{"line":28,"column":2},"end":{"line":28,"column":15}},"15":{"start":{"line":30,"column":0},"end":{"line":44,"column":2}},"16":{"start":{"line":31,"column":2},"end":{"line":42,"column":3}},"17":{"start":{"line":32,"column":4},"end":{"line":34,"column":5}},"18":{"start":{"line":33,"column":6},"end":{"line":33,"column":18}},"19":{"start":{"line":36,"column":4},"end":{"line":36,"column":46}},"20":{"start":{"line":37,"column":4},"end":{"line":41,"column":5}},"21":{"start":{"line":38,"column":6},"end":{"line":40,"column":7}},"22":{"start":{"line":39,"column":8},"end":{"line":39,"column":20}},"23":{"start":{"line":43,"column":2},"end":{"line":43,"column":15}},"24":{"start":{"line":45,"column":0},"end":{"line":50,"column":2}},"25":{"start":{"line":46,"column":2},"end":{"line":48,"column":3}},"26":{"start":{"line":47,"column":4},"end":{"line":47,"column":37}},"27":{"start":{"line":49,"column":2},"end":{"line":49,"column":58}},"28":{"start":{"line":52,"column":0},"end":{"line":65,"column":2}},"29":{"start":{"line":53,"column":2},"end":{"line":55,"column":3}},"30":{"start":{"line":54,"column":4},"end":{"line":54,"column":61}},"31":{"start":{"line":57,"column":2},"end":{"line":57,"column":49}},"32":{"start":{"line":58,"column":2},"end":{"line":60,"column":3}},"33":{"start":{"line":59,"column":4},"end":{"line":59,"column":100}},"34":{"start":{"line":62,"column":2},"end":{"line":62,"column":42}},"35":{"start":{"line":63,"column":2},"end":{"line":63,"column":71}},"36":{"start":{"line":64,"column":2},"end":{"line":64,"column":13}},"37":{"start":{"line":66,"column":0},"end":{"line":69,"column":2}},"38":{"start":{"line":67,"column":2},"end":{"line":67,"column":73}},"39":{"start":{"line":68,"column":2},"end":{"line":68,"column":35}},"40":{"start":{"line":70,"column":0},"end":{"line":70,"column":57}},"41":{"start":{"line":71,"column":0},"end":{"line":85,"column":2}},"42":{"start":{"line":72,"column":2},"end":{"line":72,"column":28}},"43":{"start":{"line":74,"column":2},"end":{"line":74,"column":30}},"44":{"start":{"line":75,"column":2},"end":{"line":78,"column":5}},"45":{"start":{"line":80,"column":2},"end":{"line":80,"column":39}},"46":{"start":{"line":81,"column":2},"end":{"line":83,"column":3}},"47":{"start":{"line":82,"column":4},"end":{"line":82,"column":38}},"48":{"start":{"line":84,"column":2},"end":{"line":84,"column":13}},"49":{"start":{"line":87,"column":0},"end":{"line":361,"column":2}},"50":{"start":{"line":90,"column":6},"end":{"line":94,"column":7}},"51":{"start":{"line":91,"column":8},"end":{"line":93,"column":10}},"52":{"start":{"line":95,"column":6},"end":{"line":95,"column":22}},"53":{"start":{"line":97,"column":8},"end":{"line":97,"column":34}},"54":{"start":{"line":98,"column":8},"end":{"line":98,"column":105}},"55":{"start":{"line":99,"column":8},"end":{"line":99,"column":26}},"56":{"start":{"line":102,"column":8},"end":{"line":102,"column":34}},"57":{"start":{"line":103,"column":8},"end":{"line":105,"column":9}},"58":{"start":{"line":104,"column":10},"end":{"line":104,"column":107}},"59":{"start":{"line":106,"column":8},"end":{"line":106,"column":26}},"60":{"start":{"line":108,"column":6},"end":{"line":108,"column":84}},"61":{"start":{"line":112,"column":6},"end":{"line":114,"column":7}},"62":{"start":{"line":113,"column":8},"end":{"line":113,"column":50}},"63":{"start":{"line":116,"column":6},"end":{"line":116,"column":33}},"64":{"start":{"line":120,"column":6},"end":{"line":122,"column":7}},"65":{"start":{"line":121,"column":8},"end":{"line":121,"column":50}},"66":{"start":{"line":124,"column":6},"end":{"line":124,"column":32}},"67":{"start":{"line":128,"column":6},"end":{"line":130,"column":7}},"68":{"start":{"line":129,"column":8},"end":{"line":129,"column":50}},"69":{"start":{"line":132,"column":6},"end":{"line":132,"column":117}},"70":{"start":{"line":134,"column":6},"end":{"line":134,"column":29}},"71":{"start":{"line":138,"column":6},"end":{"line":140,"column":7}},"72":{"start":{"line":139,"column":8},"end":{"line":139,"column":50}},"73":{"start":{"line":141,"column":6},"end":{"line":141,"column":32}},"74":{"start":{"line":145,"column":6},"end":{"line":147,"column":7}},"75":{"start":{"line":146,"column":8},"end":{"line":146,"column":50}},"76":{"start":{"line":149,"column":6},"end":{"line":149,"column":34}},"77":{"start":{"line":153,"column":6},"end":{"line":155,"column":7}},"78":{"start":{"line":154,"column":8},"end":{"line":154,"column":50}},"79":{"start":{"line":157,"column":6},"end":{"line":157,"column":36}},"80":{"start":{"line":161,"column":6},"end":{"line":163,"column":7}},"81":{"start":{"line":162,"column":8},"end":{"line":162,"column":50}},"82":{"start":{"line":165,"column":6},"end":{"line":167,"column":9}},"83":{"start":{"line":169,"column":6},"end":{"line":169,"column":33}},"84":{"start":{"line":173,"column":6},"end":{"line":175,"column":7}},"85":{"start":{"line":174,"column":8},"end":{"line":174,"column":50}},"86":{"start":{"line":177,"column":6},"end":{"line":177,"column":36}},"87":{"start":{"line":181,"column":6},"end":{"line":183,"column":7}},"88":{"start":{"line":182,"column":8},"end":{"line":182,"column":50}},"89":{"start":{"line":185,"column":6},"end":{"line":187,"column":9}},"90":{"start":{"line":189,"column":6},"end":{"line":189,"column":33}},"91":{"start":{"line":193,"column":6},"end":{"line":195,"column":7}},"92":{"start":{"line":194,"column":8},"end":{"line":194,"column":50}},"93":{"start":{"line":197,"column":6},"end":{"line":197,"column":36}},"94":{"start":{"line":201,"column":6},"end":{"line":203,"column":7}},"95":{"start":{"line":202,"column":8},"end":{"line":202,"column":50}},"96":{"start":{"line":205,"column":6},"end":{"line":207,"column":9}},"97":{"start":{"line":209,"column":6},"end":{"line":209,"column":33}},"98":{"start":{"line":213,"column":6},"end":{"line":215,"column":7}},"99":{"start":{"line":214,"column":8},"end":{"line":214,"column":50}},"100":{"start":{"line":217,"column":6},"end":{"line":217,"column":32}},"101":{"start":{"line":221,"column":6},"end":{"line":223,"column":7}},"102":{"start":{"line":222,"column":8},"end":{"line":222,"column":50}},"103":{"start":{"line":225,"column":6},"end":{"line":225,"column":117}},"104":{"start":{"line":227,"column":6},"end":{"line":227,"column":29}},"105":{"start":{"line":231,"column":6},"end":{"line":233,"column":7}},"106":{"start":{"line":232,"column":8},"end":{"line":232,"column":50}},"107":{"start":{"line":235,"column":6},"end":{"line":235,"column":36}},"108":{"start":{"line":239,"column":6},"end":{"line":241,"column":7}},"109":{"start":{"line":240,"column":8},"end":{"line":240,"column":50}},"110":{"start":{"line":243,"column":6},"end":{"line":245,"column":9}},"111":{"start":{"line":247,"column":6},"end":{"line":247,"column":33}},"112":{"start":{"line":251,"column":6},"end":{"line":253,"column":7}},"113":{"start":{"line":252,"column":8},"end":{"line":252,"column":50}},"114":{"start":{"line":255,"column":6},"end":{"line":255,"column":32}},"115":{"start":{"line":259,"column":6},"end":{"line":261,"column":7}},"116":{"start":{"line":260,"column":8},"end":{"line":260,"column":50}},"117":{"start":{"line":263,"column":6},"end":{"line":263,"column":117}},"118":{"start":{"line":265,"column":6},"end":{"line":265,"column":29}},"119":{"start":{"line":269,"column":6},"end":{"line":271,"column":7}},"120":{"start":{"line":270,"column":8},"end":{"line":270,"column":50}},"121":{"start":{"line":273,"column":6},"end":{"line":273,"column":36}},"122":{"start":{"line":277,"column":6},"end":{"line":279,"column":7}},"123":{"start":{"line":278,"column":8},"end":{"line":278,"column":50}},"124":{"start":{"line":281,"column":6},"end":{"line":283,"column":9}},"125":{"start":{"line":285,"column":6},"end":{"line":285,"column":33}},"126":{"start":{"line":289,"column":6},"end":{"line":291,"column":7}},"127":{"start":{"line":290,"column":8},"end":{"line":290,"column":50}},"128":{"start":{"line":293,"column":6},"end":{"line":293,"column":34}},"129":{"start":{"line":297,"column":6},"end":{"line":299,"column":7}},"130":{"start":{"line":298,"column":8},"end":{"line":298,"column":50}},"131":{"start":{"line":301,"column":6},"end":{"line":301,"column":119}},"132":{"start":{"line":303,"column":6},"end":{"line":303,"column":31}},"133":{"start":{"line":307,"column":6},"end":{"line":309,"column":7}},"134":{"start":{"line":308,"column":8},"end":{"line":308,"column":50}},"135":{"start":{"line":311,"column":6},"end":{"line":313,"column":9}},"136":{"start":{"line":312,"column":8},"end":{"line":312,"column":67}},"137":{"start":{"line":317,"column":6},"end":{"line":319,"column":7}},"138":{"start":{"line":318,"column":8},"end":{"line":318,"column":50}},"139":{"start":{"line":321,"column":6},"end":{"line":321,"column":32}},"140":{"start":{"line":325,"column":6},"end":{"line":327,"column":7}},"141":{"start":{"line":326,"column":8},"end":{"line":326,"column":50}},"142":{"start":{"line":329,"column":6},"end":{"line":329,"column":117}},"143":{"start":{"line":331,"column":6},"end":{"line":331,"column":29}},"144":{"start":{"line":334,"column":2},"end":{"line":350,"column":5}},"145":{"start":{"line":351,"column":2},"end":{"line":353,"column":3}},"146":{"start":{"line":352,"column":4},"end":{"line":352,"column":53}},"147":{"start":{"line":354,"column":2},"end":{"line":354,"column":50}},"148":{"start":{"line":356,"column":2},"end":{"line":360,"column":5}},"149":{"start":{"line":363,"column":0},"end":{"line":363,"column":38}}},"branchMap":{"1":{"line":18,"type":"if","locations":[{"start":{"line":18,"column":2},"end":{"line":18,"column":2}},{"start":{"line":18,"column":2},"end":{"line":18,"column":2}}]},"2":{"line":19,"type":"if","locations":[{"start":{"line":19,"column":4},"end":{"line":19,"column":4}},{"start":{"line":19,"column":4},"end":{"line":19,"column":4}}]},"3":{"line":19,"type":"binary-expr","locations":[{"start":{"line":19,"column":8},"end":{"line":19,"column":31}},{"start":{"line":19,"column":35},"end":{"line":19,"column":75}}]},"4":{"line":23,"type":"if","locations":[{"start":{"line":23,"column":6},"end":{"line":23,"column":6}},{"start":{"line":23,"column":6},"end":{"line":23,"column":6}}]},"5":{"line":31,"type":"if","locations":[{"start":{"line":31,"column":2},"end":{"line":31,"column":2}},{"start":{"line":31,"column":2},"end":{"line":31,"column":2}}]},"6":{"line":32,"type":"if","locations":[{"start":{"line":32,"column":4},"end":{"line":32,"column":4}},{"start":{"line":32,"column":4},"end":{"line":32,"column":4}}]},"7":{"line":38,"type":"if","locations":[{"start":{"line":38,"column":6},"end":{"line":38,"column":6}},{"start":{"line":38,"column":6},"end":{"line":38,"column":6}}]},"8":{"line":46,"type":"if","locations":[{"start":{"line":46,"column":2},"end":{"line":46,"column":2}},{"start":{"line":46,"column":2},"end":{"line":46,"column":2}}]},"9":{"line":53,"type":"if","locations":[{"start":{"line":53,"column":2},"end":{"line":53,"column":2}},{"start":{"line":53,"column":2},"end":{"line":53,"column":2}}]},"10":{"line":58,"type":"if","locations":[{"start":{"line":58,"column":2},"end":{"line":58,"column":2}},{"start":{"line":58,"column":2},"end":{"line":58,"column":2}}]},"11":{"line":81,"type":"if","locations":[{"start":{"line":81,"column":2},"end":{"line":81,"column":2}},{"start":{"line":81,"column":2},"end":{"line":81,"column":2}}]},"12":{"line":90,"type":"if","locations":[{"start":{"line":90,"column":6},"end":{"line":90,"column":6}},{"start":{"line":90,"column":6},"end":{"line":90,"column":6}}]},"13":{"line":103,"type":"if","locations":[{"start":{"line":103,"column":8},"end":{"line":103,"column":8}},{"start":{"line":103,"column":8},"end":{"line":103,"column":8}}]},"14":{"line":112,"type":"if","locations":[{"start":{"line":112,"column":6},"end":{"line":112,"column":6}},{"start":{"line":112,"column":6},"end":{"line":112,"column":6}}]},"15":{"line":112,"type":"binary-expr","locations":[{"start":{"line":112,"column":10},"end":{"line":112,"column":15}},{"start":{"line":112,"column":19},"end":{"line":112,"column":36}}]},"16":{"line":120,"type":"if","locations":[{"start":{"line":120,"column":6},"end":{"line":120,"column":6}},{"start":{"line":120,"column":6},"end":{"line":120,"column":6}}]},"17":{"line":120,"type":"binary-expr","locations":[{"start":{"line":120,"column":10},"end":{"line":120,"column":15}},{"start":{"line":120,"column":19},"end":{"line":120,"column":36}}]},"18":{"line":128,"type":"if","locations":[{"start":{"line":128,"column":6},"end":{"line":128,"column":6}},{"start":{"line":128,"column":6},"end":{"line":128,"column":6}}]},"19":{"line":128,"type":"binary-expr","locations":[{"start":{"line":128,"column":10},"end":{"line":128,"column":15}},{"start":{"line":128,"column":19},"end":{"line":128,"column":36}}]},"20":{"line":138,"type":"if","locations":[{"start":{"line":138,"column":6},"end":{"line":138,"column":6}},{"start":{"line":138,"column":6},"end":{"line":138,"column":6}}]},"21":{"line":138,"type":"binary-expr","locations":[{"start":{"line":138,"column":10},"end":{"line":138,"column":15}},{"start":{"line":138,"column":19},"end":{"line":138,"column":36}}]},"22":{"line":145,"type":"if","locations":[{"start":{"line":145,"column":6},"end":{"line":145,"column":6}},{"start":{"line":145,"column":6},"end":{"line":145,"column":6}}]},"23":{"line":145,"type":"binary-expr","locations":[{"start":{"line":145,"column":10},"end":{"line":145,"column":15}},{"start":{"line":145,"column":19},"end":{"line":145,"column":36}}]},"24":{"line":153,"type":"if","locations":[{"start":{"line":153,"column":6},"end":{"line":153,"column":6}},{"start":{"line":153,"column":6},"end":{"line":153,"column":6}}]},"25":{"line":153,"type":"binary-expr","locations":[{"start":{"line":153,"column":10},"end":{"line":153,"column":15}},{"start":{"line":153,"column":19},"end":{"line":153,"column":36}}]},"26":{"line":161,"type":"if","locations":[{"start":{"line":161,"column":6},"end":{"line":161,"column":6}},{"start":{"line":161,"column":6},"end":{"line":161,"column":6}}]},"27":{"line":161,"type":"binary-expr","locations":[{"start":{"line":161,"column":10},"end":{"line":161,"column":15}},{"start":{"line":161,"column":19},"end":{"line":161,"column":36}}]},"28":{"line":173,"type":"if","locations":[{"start":{"line":173,"column":6},"end":{"line":173,"column":6}},{"start":{"line":173,"column":6},"end":{"line":173,"column":6}}]},"29":{"line":173,"type":"binary-expr","locations":[{"start":{"line":173,"column":10},"end":{"line":173,"column":15}},{"start":{"line":173,"column":19},"end":{"line":173,"column":36}}]},"30":{"line":181,"type":"if","locations":[{"start":{"line":181,"column":6},"end":{"line":181,"column":6}},{"start":{"line":181,"column":6},"end":{"line":181,"column":6}}]},"31":{"line":181,"type":"binary-expr","locations":[{"start":{"line":181,"column":10},"end":{"line":181,"column":15}},{"start":{"line":181,"column":19},"end":{"line":181,"column":36}}]},"32":{"line":193,"type":"if","locations":[{"start":{"line":193,"column":6},"end":{"line":193,"column":6}},{"start":{"line":193,"column":6},"end":{"line":193,"column":6}}]},"33":{"line":193,"type":"binary-expr","locations":[{"start":{"line":193,"column":10},"end":{"line":193,"column":15}},{"start":{"line":193,"column":19},"end":{"line":193,"column":36}}]},"34":{"line":201,"type":"if","locations":[{"start":{"line":201,"column":6},"end":{"line":201,"column":6}},{"start":{"line":201,"column":6},"end":{"line":201,"column":6}}]},"35":{"line":201,"type":"binary-expr","locations":[{"start":{"line":201,"column":10},"end":{"line":201,"column":15}},{"start":{"line":201,"column":19},"end":{"line":201,"column":36}}]},"36":{"line":213,"type":"if","locations":[{"start":{"line":213,"column":6},"end":{"line":213,"column":6}},{"start":{"line":213,"column":6},"end":{"line":213,"column":6}}]},"37":{"line":213,"type":"binary-expr","locations":[{"start":{"line":213,"column":10},"end":{"line":213,"column":15}},{"start":{"line":213,"column":19},"end":{"line":213,"column":36}}]},"38":{"line":221,"type":"if","locations":[{"start":{"line":221,"column":6},"end":{"line":221,"column":6}},{"start":{"line":221,"column":6},"end":{"line":221,"column":6}}]},"39":{"line":221,"type":"binary-expr","locations":[{"start":{"line":221,"column":10},"end":{"line":221,"column":15}},{"start":{"line":221,"column":19},"end":{"line":221,"column":36}}]},"40":{"line":231,"type":"if","locations":[{"start":{"line":231,"column":6},"end":{"line":231,"column":6}},{"start":{"line":231,"column":6},"end":{"line":231,"column":6}}]},"41":{"line":231,"type":"binary-expr","locations":[{"start":{"line":231,"column":10},"end":{"line":231,"column":15}},{"start":{"line":231,"column":19},"end":{"line":231,"column":36}}]},"42":{"line":239,"type":"if","locations":[{"start":{"line":239,"column":6},"end":{"line":239,"column":6}},{"start":{"line":239,"column":6},"end":{"line":239,"column":6}}]},"43":{"line":239,"type":"binary-expr","locations":[{"start":{"line":239,"column":10},"end":{"line":239,"column":15}},{"start":{"line":239,"column":19},"end":{"line":239,"column":36}}]},"44":{"line":251,"type":"if","locations":[{"start":{"line":251,"column":6},"end":{"line":251,"column":6}},{"start":{"line":251,"column":6},"end":{"line":251,"column":6}}]},"45":{"line":251,"type":"binary-expr","locations":[{"start":{"line":251,"column":10},"end":{"line":251,"column":15}},{"start":{"line":251,"column":19},"end":{"line":251,"column":36}}]},"46":{"line":259,"type":"if","locations":[{"start":{"line":259,"column":6},"end":{"line":259,"column":6}},{"start":{"line":259,"column":6},"end":{"line":259,"column":6}}]},"47":{"line":259,"type":"binary-expr","locations":[{"start":{"line":259,"column":10},"end":{"line":259,"column":15}},{"start":{"line":259,"column":19},"end":{"line":259,"column":36}}]},"48":{"line":269,"type":"if","locations":[{"start":{"line":269,"column":6},"end":{"line":269,"column":6}},{"start":{"line":269,"column":6},"end":{"line":269,"column":6}}]},"49":{"line":269,"type":"binary-expr","locations":[{"start":{"line":269,"column":10},"end":{"line":269,"column":15}},{"start":{"line":269,"column":19},"end":{"line":269,"column":36}}]},"50":{"line":277,"type":"if","locations":[{"start":{"line":277,"column":6},"end":{"line":277,"column":6}},{"start":{"line":277,"column":6},"end":{"line":277,"column":6}}]},"51":{"line":277,"type":"binary-expr","locations":[{"start":{"line":277,"column":10},"end":{"line":277,"column":15}},{"start":{"line":277,"column":19},"end":{"line":277,"column":36}}]},"52":{"line":289,"type":"if","locations":[{"start":{"line":289,"column":6},"end":{"line":289,"column":6}},{"start":{"line":289,"column":6},"end":{"line":289,"column":6}}]},"53":{"line":289,"type":"binary-expr","locations":[{"start":{"line":289,"column":10},"end":{"line":289,"column":15}},{"start":{"line":289,"column":19},"end":{"line":289,"column":36}}]},"54":{"line":297,"type":"if","locations":[{"start":{"line":297,"column":6},"end":{"line":297,"column":6}},{"start":{"line":297,"column":6},"end":{"line":297,"column":6}}]},"55":{"line":297,"type":"binary-expr","locations":[{"start":{"line":297,"column":10},"end":{"line":297,"column":15}},{"start":{"line":297,"column":19},"end":{"line":297,"column":36}}]},"56":{"line":307,"type":"if","locations":[{"start":{"line":307,"column":6},"end":{"line":307,"column":6}},{"start":{"line":307,"column":6},"end":{"line":307,"column":6}}]},"57":{"line":307,"type":"binary-expr","locations":[{"start":{"line":307,"column":10},"end":{"line":307,"column":15}},{"start":{"line":307,"column":19},"end":{"line":307,"column":36}}]},"58":{"line":317,"type":"if","locations":[{"start":{"line":317,"column":6},"end":{"line":317,"column":6}},{"start":{"line":317,"column":6},"end":{"line":317,"column":6}}]},"59":{"line":317,"type":"binary-expr","locations":[{"start":{"line":317,"column":10},"end":{"line":317,"column":15}},{"start":{"line":317,"column":19},"end":{"line":317,"column":36}}]},"60":{"line":325,"type":"if","locations":[{"start":{"line":325,"column":6},"end":{"line":325,"column":6}},{"start":{"line":325,"column":6},"end":{"line":325,"column":6}}]},"61":{"line":325,"type":"binary-expr","locations":[{"start":{"line":325,"column":10},"end":{"line":325,"column":15}},{"start":{"line":325,"column":19},"end":{"line":325,"column":36}}]},"62":{"line":351,"type":"if","locations":[{"start":{"line":351,"column":2},"end":{"line":351,"column":2}},{"start":{"line":351,"column":2},"end":{"line":351,"column":2}}]}}},"/home/url-fuzzing/languagefuzzing/JavaScriptCoverage/node_modules/webidl-conversions/lib/index.js":{"path":"/home/url-fuzzing/languagefuzzing/JavaScriptCoverage/node_modules/webidl-conversions/lib/index.js","s":{"1":1,"2":0,"3":1,"4":0,"5":0,"6":0,"7":0,"8":0,"9":0,"10":0,"11":0,"12":0,"13":1,"14":0,"15":0,"16":0,"17":1,"18":0,"19":1,"20":0,"21":1,"22":0,"23":0,"24":0,"25":0,"26":1,"27":0,"28":1,"29":8,"30":8,"31":8,"32":8,"33":2,"34":2,"35":6,"36":3,"37":3,"38":3,"39":3,"40":8,"41":8,"42":8,"43":0,"44":0,"45":0,"46":0,"47":0,"48":0,"49":0,"50":0,"51":0,"52":0,"53":0,"54":0,"55":0,"56":0,"57":0,"58":0,"59":0,"60":0,"61":0,"62":0,"63":0,"64":0,"65":0,"66":0,"67":1,"68":0,"69":1,"70":0,"71":1,"72":0,"73":1,"74":1,"75":1,"76":1,"77":1,"78":1,"79":1,"80":1,"81":1,"82":0,"83":0,"84":0,"85":0,"86":1,"87":0,"88":0,"89":1,"90":0,"91":0,"92":0,"93":0,"94":0,"95":0,"96":0,"97":0,"98":0,"99":1,"100":0,"101":0,"102":0,"103":0,"104":0,"105":0,"106":1,"107":216,"108":0,"109":216,"110":0,"111":216,"112":0,"113":216,"114":1,"115":0,"116":0,"117":0,"118":0,"119":0,"120":0,"121":1,"122":216,"123":216,"124":216,"125":216,"126":4971,"127":4971,"128":4971,"129":0,"130":0,"131":0,"132":0,"133":0,"134":0,"135":0,"136":0,"137":0,"138":0,"139":0,"140":216,"141":1,"142":0,"143":0,"144":0,"145":1,"146":0,"147":0,"148":0,"149":1,"150":1,"151":0,"152":0,"153":0,"154":0,"155":1,"156":0,"157":0,"158":0,"159":1,"160":1,"161":0,"162":0,"163":0,"164":0,"165":1,"166":9,"167":9,"168":9,"169":0,"170":0,"171":0,"172":1,"173":0,"174":0,"175":0,"176":1,"177":0,"178":0,"179":0,"180":1,"181":1,"182":1},"b":{"1":[0,0],"2":[0,0],"3":[0,0],"4":[0,0,0,0,0,0,0,0],"5":[0,0],"6":[0,0,0,0,0,0],"7":[0,0],"8":[0,0],"9":[0,0],"10":[2,6],"11":[1,1],"12":[3,3],"13":[0,0],"14":[0,0],"15":[0,0],"16":[0,0],"17":[0,0],"18":[0,0],"19":[0,0],"20":[0,0],"21":[0,0],"22":[0,0],"23":[0,0],"24":[0,0],"25":[0,0],"26":[0,0],"27":[0,0],"28":[0,0],"29":[0,0],"30":[0,0],"31":[0,0],"32":[0,216],"33":[0,216],"34":[216,0],"35":[0,216],"36":[0,0],"37":[4971,0],"38":[4971,0],"39":[0,0],"40":[0,0],"41":[0,0],"42":[0,0],"43":[0,0],"44":[0,0],"45":[0,0],"46":[0,0],"47":[7,2],"48":[0,0],"49":[0,0],"50":[0,0],"51":[0,0],"52":[0,0]},"f":{"1":0,"2":0,"3":0,"4":0,"5":0,"6":0,"7":0,"8":8,"9":0,"10":0,"11":216,"12":0,"13":0},"fnMap":{"1":{"name":"_","line":3,"loc":{"start":{"line":3,"column":0},"end":{"line":3,"column":26}}},"2":{"name":"type","line":7,"loc":{"start":{"line":7,"column":0},"end":{"line":7,"column":17}}},"3":{"name":"evenRound","line":35,"loc":{"start":{"line":35,"column":0},"end":{"line":35,"column":22}}},"4":{"name":"integerPart","line":54,"loc":{"start":{"line":54,"column":0},"end":{"line":54,"column":24}}},"5":{"name":"sign","line":58,"loc":{"start":{"line":58,"column":0},"end":{"line":58,"column":17}}},"6":{"name":"modulo","line":62,"loc":{"start":{"line":62,"column":0},"end":{"line":62,"column":22}}},"7":{"name":"censorNegativeZero","line":72,"loc":{"start":{"line":72,"column":0},"end":{"line":72,"column":31}}},"8":{"name":"createIntegerConversion","line":76,"loc":{"start":{"line":76,"column":0},"end":{"line":76,"column":54}}},"9":{"name":"(anonymous_9)","line":148,"loc":{"start":{"line":148,"column":15},"end":{"line":148,"column":27}}},"10":{"name":"(anonymous_10)","line":152,"loc":{"start":{"line":152,"column":18},"end":{"line":152,"column":33}}},"11":{"name":"(anonymous_11)","line":218,"loc":{"start":{"line":218,"column":20},"end":{"line":218,"column":39}}},"12":{"name":"convertCallbackFunction","line":286,"loc":{"start":{"line":286,"column":0},"end":{"line":286,"column":42}}},"13":{"name":"isArrayBuffer","line":296,"loc":{"start":{"line":296,"column":0},"end":{"line":296,"column":26}}}},"statementMap":{"1":{"start":{"line":3,"column":0},"end":{"line":5,"column":1}},"2":{"start":{"line":4,"column":4},"end":{"line":4,"column":74}},"3":{"start":{"line":7,"column":0},"end":{"line":32,"column":1}},"4":{"start":{"line":8,"column":4},"end":{"line":10,"column":5}},"5":{"start":{"line":9,"column":8},"end":{"line":9,"column":22}},"6":{"start":{"line":11,"column":4},"end":{"line":31,"column":5}},"7":{"start":{"line":13,"column":12},"end":{"line":13,"column":31}},"8":{"start":{"line":15,"column":12},"end":{"line":15,"column":29}},"9":{"start":{"line":17,"column":12},"end":{"line":17,"column":28}},"10":{"start":{"line":19,"column":12},"end":{"line":19,"column":28}},"11":{"start":{"line":21,"column":12},"end":{"line":21,"column":28}},"12":{"start":{"line":30,"column":12},"end":{"line":30,"column":28}},"13":{"start":{"line":35,"column":0},"end":{"line":52,"column":1}},"14":{"start":{"line":46,"column":4},"end":{"line":49,"column":5}},"15":{"start":{"line":48,"column":8},"end":{"line":48,"column":49}},"16":{"start":{"line":51,"column":4},"end":{"line":51,"column":45}},"17":{"start":{"line":54,"column":0},"end":{"line":56,"column":1}},"18":{"start":{"line":55,"column":4},"end":{"line":55,"column":45}},"19":{"start":{"line":58,"column":0},"end":{"line":60,"column":1}},"20":{"start":{"line":59,"column":4},"end":{"line":59,"column":26}},"21":{"start":{"line":62,"column":0},"end":{"line":70,"column":1}},"22":{"start":{"line":65,"column":4},"end":{"line":65,"column":36}},"23":{"start":{"line":66,"column":4},"end":{"line":68,"column":5}},"24":{"start":{"line":67,"column":8},"end":{"line":67,"column":37}},"25":{"start":{"line":69,"column":4},"end":{"line":69,"column":29}},"26":{"start":{"line":72,"column":0},"end":{"line":74,"column":1}},"27":{"start":{"line":73,"column":4},"end":{"line":73,"column":27}},"28":{"start":{"line":76,"column":0},"end":{"line":142,"column":1}},"29":{"start":{"line":77,"column":4},"end":{"line":77,"column":40}},"30":{"start":{"line":79,"column":4},"end":{"line":79,"column":19}},"31":{"start":{"line":80,"column":4},"end":{"line":80,"column":19}},"32":{"start":{"line":81,"column":4},"end":{"line":90,"column":5}},"33":{"start":{"line":82,"column":8},"end":{"line":82,"column":41}},"34":{"start":{"line":83,"column":8},"end":{"line":83,"column":58}},"35":{"start":{"line":84,"column":11},"end":{"line":90,"column":5}},"36":{"start":{"line":85,"column":8},"end":{"line":85,"column":23}},"37":{"start":{"line":86,"column":8},"end":{"line":86,"column":48}},"38":{"start":{"line":88,"column":8},"end":{"line":88,"column":49}},"39":{"start":{"line":89,"column":8},"end":{"line":89,"column":52}},"40":{"start":{"line":92,"column":4},"end":{"line":92,"column":53}},"41":{"start":{"line":93,"column":4},"end":{"line":93,"column":68}},"42":{"start":{"line":95,"column":4},"end":{"line":141,"column":6}},"43":{"start":{"line":96,"column":8},"end":{"line":98,"column":9}},"44":{"start":{"line":97,"column":12},"end":{"line":97,"column":22}},"45":{"start":{"line":100,"column":8},"end":{"line":100,"column":19}},"46":{"start":{"line":101,"column":8},"end":{"line":101,"column":34}},"47":{"start":{"line":103,"column":8},"end":{"line":116,"column":9}},"48":{"start":{"line":104,"column":12},"end":{"line":106,"column":13}},"49":{"start":{"line":105,"column":16},"end":{"line":105,"column":71}},"50":{"start":{"line":108,"column":12},"end":{"line":108,"column":31}},"51":{"start":{"line":110,"column":12},"end":{"line":113,"column":13}},"52":{"start":{"line":111,"column":16},"end":{"line":112,"column":105}},"53":{"start":{"line":115,"column":12},"end":{"line":115,"column":21}},"54":{"start":{"line":118,"column":8},"end":{"line":122,"column":9}},"55":{"start":{"line":119,"column":12},"end":{"line":119,"column":62}},"56":{"start":{"line":120,"column":12},"end":{"line":120,"column":29}},"57":{"start":{"line":121,"column":12},"end":{"line":121,"column":21}},"58":{"start":{"line":124,"column":8},"end":{"line":126,"column":9}},"59":{"start":{"line":125,"column":12},"end":{"line":125,"column":21}},"60":{"start":{"line":127,"column":8},"end":{"line":127,"column":27}},"61":{"start":{"line":131,"column":8},"end":{"line":133,"column":9}},"62":{"start":{"line":132,"column":12},"end":{"line":132,"column":21}},"63":{"start":{"line":136,"column":8},"end":{"line":136,"column":41}},"64":{"start":{"line":137,"column":8},"end":{"line":139,"column":9}},"65":{"start":{"line":138,"column":12},"end":{"line":138,"column":41}},"66":{"start":{"line":140,"column":8},"end":{"line":140,"column":17}},"67":{"start":{"line":144,"column":0},"end":{"line":146,"column":2}},"68":{"start":{"line":145,"column":4},"end":{"line":145,"column":13}},"69":{"start":{"line":148,"column":0},"end":{"line":150,"column":2}},"70":{"start":{"line":149,"column":4},"end":{"line":149,"column":21}},"71":{"start":{"line":152,"column":0},"end":{"line":154,"column":2}},"72":{"start":{"line":153,"column":4},"end":{"line":153,"column":17}},"73":{"start":{"line":156,"column":0},"end":{"line":156,"column":63}},"74":{"start":{"line":157,"column":0},"end":{"line":157,"column":63}},"75":{"start":{"line":159,"column":0},"end":{"line":159,"column":65}},"76":{"start":{"line":160,"column":0},"end":{"line":160,"column":76}},"77":{"start":{"line":162,"column":0},"end":{"line":162,"column":64}},"78":{"start":{"line":163,"column":0},"end":{"line":163,"column":75}},"79":{"start":{"line":165,"column":0},"end":{"line":165,"column":72}},"80":{"start":{"line":166,"column":0},"end":{"line":166,"column":80}},"81":{"start":{"line":168,"column":0},"end":{"line":176,"column":2}},"82":{"start":{"line":169,"column":4},"end":{"line":169,"column":17}},"83":{"start":{"line":171,"column":4},"end":{"line":173,"column":5}},"84":{"start":{"line":172,"column":8},"end":{"line":172,"column":77}},"85":{"start":{"line":175,"column":4},"end":{"line":175,"column":13}},"86":{"start":{"line":178,"column":0},"end":{"line":182,"column":2}},"87":{"start":{"line":179,"column":4},"end":{"line":179,"column":17}},"88":{"start":{"line":181,"column":4},"end":{"line":181,"column":13}},"89":{"start":{"line":184,"column":0},"end":{"line":202,"column":2}},"90":{"start":{"line":185,"column":4},"end":{"line":185,"column":17}},"91":{"start":{"line":187,"column":4},"end":{"line":189,"column":5}},"92":{"start":{"line":188,"column":8},"end":{"line":188,"column":77}},"93":{"start":{"line":191,"column":4},"end":{"line":193,"column":5}},"94":{"start":{"line":192,"column":8},"end":{"line":192,"column":17}},"95":{"start":{"line":195,"column":4},"end":{"line":195,"column":29}},"96":{"start":{"line":197,"column":4},"end":{"line":199,"column":5}},"97":{"start":{"line":198,"column":8},"end":{"line":198,"column":104}},"98":{"start":{"line":201,"column":4},"end":{"line":201,"column":13}},"99":{"start":{"line":204,"column":0},"end":{"line":216,"column":2}},"100":{"start":{"line":205,"column":4},"end":{"line":205,"column":17}},"101":{"start":{"line":207,"column":4},"end":{"line":209,"column":5}},"102":{"start":{"line":208,"column":8},"end":{"line":208,"column":17}},"103":{"start":{"line":211,"column":4},"end":{"line":213,"column":5}},"104":{"start":{"line":212,"column":8},"end":{"line":212,"column":17}},"105":{"start":{"line":215,"column":4},"end":{"line":215,"column":26}},"106":{"start":{"line":218,"column":0},"end":{"line":232,"column":2}},"107":{"start":{"line":219,"column":4},"end":{"line":221,"column":5}},"108":{"start":{"line":220,"column":8},"end":{"line":220,"column":18}},"109":{"start":{"line":223,"column":4},"end":{"line":225,"column":5}},"110":{"start":{"line":224,"column":8},"end":{"line":224,"column":18}},"111":{"start":{"line":227,"column":4},"end":{"line":229,"column":5}},"112":{"start":{"line":228,"column":8},"end":{"line":228,"column":91}},"113":{"start":{"line":231,"column":4},"end":{"line":231,"column":21}},"114":{"start":{"line":234,"column":0},"end":{"line":244,"column":2}},"115":{"start":{"line":235,"column":4},"end":{"line":235,"column":41}},"116":{"start":{"line":236,"column":4},"end":{"line":236,"column":10}},"117":{"start":{"line":237,"column":4},"end":{"line":241,"column":5}},"118":{"start":{"line":238,"column":8},"end":{"line":240,"column":9}},"119":{"start":{"line":239,"column":12},"end":{"line":239,"column":70}},"120":{"start":{"line":243,"column":4},"end":{"line":243,"column":13}},"121":{"start":{"line":246,"column":0},"end":{"line":272,"column":2}},"122":{"start":{"line":247,"column":4},"end":{"line":247,"column":41}},"123":{"start":{"line":248,"column":4},"end":{"line":248,"column":23}},"124":{"start":{"line":249,"column":4},"end":{"line":249,"column":17}},"125":{"start":{"line":250,"column":4},"end":{"line":269,"column":5}},"126":{"start":{"line":251,"column":8},"end":{"line":251,"column":34}},"127":{"start":{"line":252,"column":8},"end":{"line":268,"column":9}},"128":{"start":{"line":253,"column":12},"end":{"line":253,"column":44}},"129":{"start":{"line":254,"column":15},"end":{"line":268,"column":9}},"130":{"start":{"line":255,"column":12},"end":{"line":255,"column":49}},"131":{"start":{"line":256,"column":15},"end":{"line":268,"column":9}},"132":{"start":{"line":257,"column":12},"end":{"line":257,"column":49}},"133":{"start":{"line":259,"column":12},"end":{"line":259,"column":42}},"134":{"start":{"line":260,"column":12},"end":{"line":267,"column":13}},"135":{"start":{"line":261,"column":16},"end":{"line":261,"column":36}},"136":{"start":{"line":262,"column":16},"end":{"line":262,"column":36}},"137":{"start":{"line":263,"column":16},"end":{"line":263,"column":77}},"138":{"start":{"line":264,"column":16},"end":{"line":264,"column":20}},"139":{"start":{"line":266,"column":16},"end":{"line":266,"column":53}},"140":{"start":{"line":271,"column":4},"end":{"line":271,"column":22}},"141":{"start":{"line":274,"column":0},"end":{"line":280,"column":2}},"142":{"start":{"line":275,"column":4},"end":{"line":277,"column":5}},"143":{"start":{"line":276,"column":8},"end":{"line":276,"column":57}},"144":{"start":{"line":279,"column":4},"end":{"line":279,"column":13}},"145":{"start":{"line":286,"column":0},"end":{"line":291,"column":1}},"146":{"start":{"line":287,"column":4},"end":{"line":289,"column":5}},"147":{"start":{"line":288,"column":8},"end":{"line":288,"column":58}},"148":{"start":{"line":290,"column":4},"end":{"line":290,"column":13}},"149":{"start":{"line":293,"column":0},"end":{"line":294,"column":77}},"150":{"start":{"line":296,"column":0},"end":{"line":303,"column":1}},"151":{"start":{"line":297,"column":4},"end":{"line":302,"column":5}},"152":{"start":{"line":298,"column":8},"end":{"line":298,"column":35}},"153":{"start":{"line":299,"column":8},"end":{"line":299,"column":20}},"154":{"start":{"line":301,"column":8},"end":{"line":301,"column":21}},"155":{"start":{"line":306,"column":0},"end":{"line":311,"column":2}},"156":{"start":{"line":307,"column":4},"end":{"line":309,"column":5}},"157":{"start":{"line":308,"column":8},"end":{"line":308,"column":79}},"158":{"start":{"line":310,"column":4},"end":{"line":310,"column":13}},"159":{"start":{"line":313,"column":0},"end":{"line":314,"column":74}},"160":{"start":{"line":315,"column":0},"end":{"line":322,"column":2}},"161":{"start":{"line":316,"column":4},"end":{"line":321,"column":5}},"162":{"start":{"line":317,"column":8},"end":{"line":317,"column":35}},"163":{"start":{"line":318,"column":8},"end":{"line":318,"column":17}},"164":{"start":{"line":320,"column":8},"end":{"line":320,"column":76}},"165":{"start":{"line":324,"column":0},"end":{"line":337,"column":3}},"166":{"start":{"line":328,"column":4},"end":{"line":328,"column":27}},"167":{"start":{"line":329,"column":4},"end":{"line":329,"column":55}},"168":{"start":{"line":330,"column":4},"end":{"line":336,"column":6}},"169":{"start":{"line":331,"column":8},"end":{"line":333,"column":9}},"170":{"start":{"line":332,"column":12},"end":{"line":332,"column":77}},"171":{"start":{"line":335,"column":8},"end":{"line":335,"column":17}},"172":{"start":{"line":341,"column":0},"end":{"line":347,"column":2}},"173":{"start":{"line":342,"column":4},"end":{"line":344,"column":5}},"174":{"start":{"line":343,"column":8},"end":{"line":343,"column":79}},"175":{"start":{"line":346,"column":4},"end":{"line":346,"column":13}},"176":{"start":{"line":349,"column":0},"end":{"line":355,"column":2}},"177":{"start":{"line":350,"column":4},"end":{"line":352,"column":5}},"178":{"start":{"line":351,"column":8},"end":{"line":351,"column":86}},"179":{"start":{"line":354,"column":4},"end":{"line":354,"column":13}},"180":{"start":{"line":357,"column":0},"end":{"line":357,"column":53}},"181":{"start":{"line":359,"column":0},"end":{"line":359,"column":43}},"182":{"start":{"line":361,"column":0},"end":{"line":361,"column":47}}},"branchMap":{"1":{"line":4,"type":"cond-expr","locations":[{"start":{"line":4,"column":37},"end":{"line":4,"column":49}},{"start":{"line":4,"column":52},"end":{"line":4,"column":59}}]},"2":{"line":4,"type":"binary-expr","locations":[{"start":{"line":4,"column":14},"end":{"line":4,"column":18}},{"start":{"line":4,"column":22},"end":{"line":4,"column":34}}]},"3":{"line":8,"type":"if","locations":[{"start":{"line":8,"column":4},"end":{"line":8,"column":4}},{"start":{"line":8,"column":4},"end":{"line":8,"column":4}}]},"4":{"line":11,"type":"switch","locations":[{"start":{"line":12,"column":8},"end":{"line":13,"column":31}},{"start":{"line":14,"column":8},"end":{"line":15,"column":29}},{"start":{"line":16,"column":8},"end":{"line":17,"column":28}},{"start":{"line":18,"column":8},"end":{"line":19,"column":28}},{"start":{"line":20,"column":8},"end":{"line":21,"column":28}},{"start":{"line":22,"column":8},"end":{"line":22,"column":22}},{"start":{"line":24,"column":8},"end":{"line":24,"column":24}},{"start":{"line":26,"column":8},"end":{"line":30,"column":28}}]},"5":{"line":46,"type":"if","locations":[{"start":{"line":46,"column":4},"end":{"line":46,"column":4}},{"start":{"line":46,"column":4},"end":{"line":46,"column":4}}]},"6":{"line":46,"type":"binary-expr","locations":[{"start":{"line":46,"column":9},"end":{"line":46,"column":14}},{"start":{"line":46,"column":18},"end":{"line":46,"column":34}},{"start":{"line":46,"column":38},"end":{"line":46,"column":51}},{"start":{"line":47,"column":9},"end":{"line":47,"column":14}},{"start":{"line":47,"column":18},"end":{"line":47,"column":34}},{"start":{"line":47,"column":38},"end":{"line":47,"column":51}}]},"7":{"line":59,"type":"cond-expr","locations":[{"start":{"line":59,"column":19},"end":{"line":59,"column":21}},{"start":{"line":59,"column":24},"end":{"line":59,"column":25}}]},"8":{"line":66,"type":"if","locations":[{"start":{"line":66,"column":4},"end":{"line":66,"column":4}},{"start":{"line":66,"column":4},"end":{"line":66,"column":4}}]},"9":{"line":73,"type":"cond-expr","locations":[{"start":{"line":73,"column":21},"end":{"line":73,"column":22}},{"start":{"line":73,"column":25},"end":{"line":73,"column":26}}]},"10":{"line":81,"type":"if","locations":[{"start":{"line":81,"column":4},"end":{"line":81,"column":4}},{"start":{"line":81,"column":4},"end":{"line":81,"column":4}}]},"11":{"line":83,"type":"cond-expr","locations":[{"start":{"line":83,"column":33},"end":{"line":83,"column":34}},{"start":{"line":83,"column":37},"end":{"line":83,"column":57}}]},"12":{"line":84,"type":"if","locations":[{"start":{"line":84,"column":11},"end":{"line":84,"column":11}},{"start":{"line":84,"column":11},"end":{"line":84,"column":11}}]},"13":{"line":96,"type":"if","locations":[{"start":{"line":96,"column":8},"end":{"line":96,"column":8}},{"start":{"line":96,"column":8},"end":{"line":96,"column":8}}]},"14":{"line":103,"type":"if","locations":[{"start":{"line":103,"column":8},"end":{"line":103,"column":8}},{"start":{"line":103,"column":8},"end":{"line":103,"column":8}}]},"15":{"line":104,"type":"if","locations":[{"start":{"line":104,"column":12},"end":{"line":104,"column":12}},{"start":{"line":104,"column":12},"end":{"line":104,"column":12}}]},"16":{"line":110,"type":"if","locations":[{"start":{"line":110,"column":12},"end":{"line":110,"column":12}},{"start":{"line":110,"column":12},"end":{"line":110,"column":12}}]},"17":{"line":110,"type":"binary-expr","locations":[{"start":{"line":110,"column":16},"end":{"line":110,"column":30}},{"start":{"line":110,"column":34},"end":{"line":110,"column":48}}]},"18":{"line":118,"type":"if","locations":[{"start":{"line":118,"column":8},"end":{"line":118,"column":8}},{"start":{"line":118,"column":8},"end":{"line":118,"column":8}}]},"19":{"line":118,"type":"binary-expr","locations":[{"start":{"line":118,"column":12},"end":{"line":118,"column":28}},{"start":{"line":118,"column":32},"end":{"line":118,"column":42}}]},"20":{"line":124,"type":"if","locations":[{"start":{"line":124,"column":8},"end":{"line":124,"column":8}},{"start":{"line":124,"column":8},"end":{"line":124,"column":8}}]},"21":{"line":124,"type":"binary-expr","locations":[{"start":{"line":124,"column":12},"end":{"line":124,"column":31}},{"start":{"line":124,"column":35},"end":{"line":124,"column":42}}]},"22":{"line":131,"type":"if","locations":[{"start":{"line":131,"column":8},"end":{"line":131,"column":8}},{"start":{"line":131,"column":8},"end":{"line":131,"column":8}}]},"23":{"line":131,"type":"binary-expr","locations":[{"start":{"line":131,"column":12},"end":{"line":131,"column":27}},{"start":{"line":131,"column":31},"end":{"line":131,"column":46}}]},"24":{"line":137,"type":"if","locations":[{"start":{"line":137,"column":8},"end":{"line":137,"column":8}},{"start":{"line":137,"column":8},"end":{"line":137,"column":8}}]},"25":{"line":137,"type":"binary-expr","locations":[{"start":{"line":137,"column":12},"end":{"line":137,"column":20}},{"start":{"line":137,"column":24},"end":{"line":137,"column":57}}]},"26":{"line":171,"type":"if","locations":[{"start":{"line":171,"column":4},"end":{"line":171,"column":4}},{"start":{"line":171,"column":4},"end":{"line":171,"column":4}}]},"27":{"line":187,"type":"if","locations":[{"start":{"line":187,"column":4},"end":{"line":187,"column":4}},{"start":{"line":187,"column":4},"end":{"line":187,"column":4}}]},"28":{"line":191,"type":"if","locations":[{"start":{"line":191,"column":4},"end":{"line":191,"column":4}},{"start":{"line":191,"column":4},"end":{"line":191,"column":4}}]},"29":{"line":197,"type":"if","locations":[{"start":{"line":197,"column":4},"end":{"line":197,"column":4}},{"start":{"line":197,"column":4},"end":{"line":197,"column":4}}]},"30":{"line":207,"type":"if","locations":[{"start":{"line":207,"column":4},"end":{"line":207,"column":4}},{"start":{"line":207,"column":4},"end":{"line":207,"column":4}}]},"31":{"line":211,"type":"if","locations":[{"start":{"line":211,"column":4},"end":{"line":211,"column":4}},{"start":{"line":211,"column":4},"end":{"line":211,"column":4}}]},"32":{"line":219,"type":"if","locations":[{"start":{"line":219,"column":4},"end":{"line":219,"column":4}},{"start":{"line":219,"column":4},"end":{"line":219,"column":4}}]},"33":{"line":223,"type":"if","locations":[{"start":{"line":223,"column":4},"end":{"line":223,"column":4}},{"start":{"line":223,"column":4},"end":{"line":223,"column":4}}]},"34":{"line":223,"type":"binary-expr","locations":[{"start":{"line":223,"column":8},"end":{"line":223,"column":35}},{"start":{"line":223,"column":39},"end":{"line":223,"column":49}}]},"35":{"line":227,"type":"if","locations":[{"start":{"line":227,"column":4},"end":{"line":227,"column":4}},{"start":{"line":227,"column":4},"end":{"line":227,"column":4}}]},"36":{"line":238,"type":"if","locations":[{"start":{"line":238,"column":8},"end":{"line":238,"column":8}},{"start":{"line":238,"column":8},"end":{"line":238,"column":8}}]},"37":{"line":252,"type":"if","locations":[{"start":{"line":252,"column":8},"end":{"line":252,"column":8}},{"start":{"line":252,"column":8},"end":{"line":252,"column":8}}]},"38":{"line":252,"type":"binary-expr","locations":[{"start":{"line":252,"column":12},"end":{"line":252,"column":22}},{"start":{"line":252,"column":26},"end":{"line":252,"column":36}}]},"39":{"line":254,"type":"if","locations":[{"start":{"line":254,"column":15},"end":{"line":254,"column":15}},{"start":{"line":254,"column":15},"end":{"line":254,"column":15}}]},"40":{"line":254,"type":"binary-expr","locations":[{"start":{"line":254,"column":19},"end":{"line":254,"column":30}},{"start":{"line":254,"column":34},"end":{"line":254,"column":45}}]},"41":{"line":256,"type":"if","locations":[{"start":{"line":256,"column":15},"end":{"line":256,"column":15}},{"start":{"line":256,"column":15},"end":{"line":256,"column":15}}]},"42":{"line":260,"type":"if","locations":[{"start":{"line":260,"column":12},"end":{"line":260,"column":12}},{"start":{"line":260,"column":12},"end":{"line":260,"column":12}}]},"43":{"line":260,"type":"binary-expr","locations":[{"start":{"line":260,"column":16},"end":{"line":260,"column":27}},{"start":{"line":260,"column":31},"end":{"line":260,"column":42}}]},"44":{"line":275,"type":"if","locations":[{"start":{"line":275,"column":4},"end":{"line":275,"column":4}},{"start":{"line":275,"column":4},"end":{"line":275,"column":4}}]},"45":{"line":287,"type":"if","locations":[{"start":{"line":287,"column":4},"end":{"line":287,"column":4}},{"start":{"line":287,"column":4},"end":{"line":287,"column":4}}]},"46":{"line":307,"type":"if","locations":[{"start":{"line":307,"column":4},"end":{"line":307,"column":4}},{"start":{"line":307,"column":4},"end":{"line":307,"column":4}}]},"47":{"line":329,"type":"cond-expr","locations":[{"start":{"line":329,"column":44},"end":{"line":329,"column":48}},{"start":{"line":329,"column":51},"end":{"line":329,"column":54}}]},"48":{"line":331,"type":"if","locations":[{"start":{"line":331,"column":8},"end":{"line":331,"column":8}},{"start":{"line":331,"column":8},"end":{"line":331,"column":8}}]},"49":{"line":331,"type":"binary-expr","locations":[{"start":{"line":331,"column":12},"end":{"line":331,"column":34}},{"start":{"line":331,"column":38},"end":{"line":331,"column":65}}]},"50":{"line":342,"type":"if","locations":[{"start":{"line":342,"column":4},"end":{"line":342,"column":4}},{"start":{"line":342,"column":4},"end":{"line":342,"column":4}}]},"51":{"line":350,"type":"if","locations":[{"start":{"line":350,"column":4},"end":{"line":350,"column":4}},{"start":{"line":350,"column":4},"end":{"line":350,"column":4}}]},"52":{"line":350,"type":"binary-expr","locations":[{"start":{"line":350,"column":8},"end":{"line":350,"column":30}},{"start":{"line":350,"column":34},"end":{"line":350,"column":51}}]}}},"/home/url-fuzzing/languagefuzzing/JavaScriptCoverage/node_modules/whatwg-url/lib/utils.js":{"path":"/home/url-fuzzing/languagefuzzing/JavaScriptCoverage/node_modules/whatwg-url/lib/utils.js","s":{"1":1,"2":0,"3":1,"4":0,"5":1,"6":1,"7":1,"8":1,"9":1,"10":0,"11":0,"12":0,"13":0,"14":0,"15":0,"16":1,"17":0,"18":1,"19":215,"20":1,"21":0,"22":0,"23":1,"24":0,"25":0,"26":1,"27":1,"28":1,"29":0,"30":0,"31":0,"32":0,"33":0,"34":0,"35":0,"36":0,"37":0,"38":1,"39":1,"40":0,"41":0,"42":0,"43":0,"44":1,"45":1,"46":1,"47":1,"48":1,"49":1,"50":1,"51":1,"52":1,"53":1,"54":1,"55":1},"b":{"1":[0,0,0],"2":[0,0],"3":[0,0],"4":[0,0],"5":[215,0],"6":[0,0],"7":[0,0],"8":[0,0],"9":[0,0],"10":[0,0]},"f":{"1":0,"2":0,"3":0,"4":0,"5":215,"6":0,"7":0,"8":0,"9":0},"fnMap":{"1":{"name":"isObject","line":4,"loc":{"start":{"line":4,"column":0},"end":{"line":4,"column":25}}},"2":{"name":"hasOwn","line":8,"loc":{"start":{"line":8,"column":0},"end":{"line":8,"column":27}}},"3":{"name":"getSameObject","line":17,"loc":{"start":{"line":17,"column":0},"end":{"line":17,"column":47}}},"4":{"name":"wrapperForImpl","line":30,"loc":{"start":{"line":30,"column":0},"end":{"line":30,"column":30}}},"5":{"name":"implForWrapper","line":34,"loc":{"start":{"line":34,"column":0},"end":{"line":34,"column":33}}},"6":{"name":"tryWrapperForImpl","line":38,"loc":{"start":{"line":38,"column":0},"end":{"line":38,"column":33}}},"7":{"name":"tryImplForWrapper","line":43,"loc":{"start":{"line":43,"column":0},"end":{"line":43,"column":36}}},"8":{"name":"isArrayIndexPropName","line":51,"loc":{"start":{"line":51,"column":0},"end":{"line":51,"column":33}}},"9":{"name":"isArrayBuffer","line":68,"loc":{"start":{"line":68,"column":0},"end":{"line":68,"column":30}}}},"statementMap":{"1":{"start":{"line":4,"column":0},"end":{"line":6,"column":1}},"2":{"start":{"line":5,"column":2},"end":{"line":5,"column":84}},"3":{"start":{"line":8,"column":0},"end":{"line":10,"column":1}},"4":{"start":{"line":9,"column":2},"end":{"line":9,"column":57}},"5":{"start":{"line":12,"column":0},"end":{"line":12,"column":40}},"6":{"start":{"line":13,"column":0},"end":{"line":13,"column":34}},"7":{"start":{"line":14,"column":0},"end":{"line":14,"column":53}},"8":{"start":{"line":15,"column":0},"end":{"line":15,"column":75}},"9":{"start":{"line":17,"column":0},"end":{"line":28,"column":1}},"10":{"start":{"line":18,"column":2},"end":{"line":20,"column":3}},"11":{"start":{"line":19,"column":4},"end":{"line":19,"column":52}},"12":{"start":{"line":22,"column":2},"end":{"line":24,"column":3}},"13":{"start":{"line":23,"column":4},"end":{"line":23,"column":43}},"14":{"start":{"line":26,"column":2},"end":{"line":26,"column":46}},"15":{"start":{"line":27,"column":2},"end":{"line":27,"column":41}},"16":{"start":{"line":30,"column":0},"end":{"line":32,"column":1}},"17":{"start":{"line":31,"column":2},"end":{"line":31,"column":43}},"18":{"start":{"line":34,"column":0},"end":{"line":36,"column":1}},"19":{"start":{"line":35,"column":2},"end":{"line":35,"column":46}},"20":{"start":{"line":38,"column":0},"end":{"line":41,"column":1}},"21":{"start":{"line":39,"column":2},"end":{"line":39,"column":39}},"22":{"start":{"line":40,"column":2},"end":{"line":40,"column":34}},"23":{"start":{"line":43,"column":0},"end":{"line":46,"column":1}},"24":{"start":{"line":44,"column":2},"end":{"line":44,"column":39}},"25":{"start":{"line":45,"column":2},"end":{"line":45,"column":31}},"26":{"start":{"line":48,"column":0},"end":{"line":48,"column":46}},"27":{"start":{"line":49,"column":0},"end":{"line":49,"column":94}},"28":{"start":{"line":51,"column":0},"end":{"line":64,"column":1}},"29":{"start":{"line":52,"column":2},"end":{"line":54,"column":3}},"30":{"start":{"line":53,"column":4},"end":{"line":53,"column":17}},"31":{"start":{"line":55,"column":2},"end":{"line":55,"column":20}},"32":{"start":{"line":56,"column":2},"end":{"line":58,"column":3}},"33":{"start":{"line":57,"column":4},"end":{"line":57,"column":17}},"34":{"start":{"line":59,"column":2},"end":{"line":59,"column":19}},"35":{"start":{"line":60,"column":2},"end":{"line":62,"column":3}},"36":{"start":{"line":61,"column":4},"end":{"line":61,"column":17}},"37":{"start":{"line":63,"column":2},"end":{"line":63,"column":14}},"38":{"start":{"line":66,"column":0},"end":{"line":67,"column":77}},"39":{"start":{"line":68,"column":0},"end":{"line":75,"column":1}},"40":{"start":{"line":69,"column":2},"end":{"line":74,"column":3}},"41":{"start":{"line":70,"column":4},"end":{"line":70,"column":33}},"42":{"start":{"line":71,"column":4},"end":{"line":71,"column":16}},"43":{"start":{"line":73,"column":4},"end":{"line":73,"column":17}},"44":{"start":{"line":77,"column":0},"end":{"line":77,"column":64}},"45":{"start":{"line":78,"column":0},"end":{"line":78,"column":70}},"46":{"start":{"line":79,"column":0},"end":{"line":79,"column":62}},"47":{"start":{"line":80,"column":0},"end":{"line":80,"column":66}},"48":{"start":{"line":81,"column":0},"end":{"line":81,"column":50}},"49":{"start":{"line":82,"column":0},"end":{"line":82,"column":57}},"50":{"start":{"line":83,"column":0},"end":{"line":83,"column":67}},"51":{"start":{"line":84,"column":0},"end":{"line":84,"column":46}},"52":{"start":{"line":85,"column":0},"end":{"line":85,"column":53}},"53":{"start":{"line":86,"column":0},"end":{"line":86,"column":63}},"54":{"start":{"line":87,"column":0},"end":{"line":87,"column":52}},"55":{"start":{"line":89,"column":0},"end":{"line":115,"column":2}}},"branchMap":{"1":{"line":5,"type":"binary-expr","locations":[{"start":{"line":5,"column":9},"end":{"line":5,"column":34}},{"start":{"line":5,"column":38},"end":{"line":5,"column":52}},{"start":{"line":5,"column":56},"end":{"line":5,"column":83}}]},"2":{"line":18,"type":"if","locations":[{"start":{"line":18,"column":2},"end":{"line":18,"column":2}},{"start":{"line":18,"column":2},"end":{"line":18,"column":2}}]},"3":{"line":22,"type":"if","locations":[{"start":{"line":22,"column":2},"end":{"line":22,"column":2}},{"start":{"line":22,"column":2},"end":{"line":22,"column":2}}]},"4":{"line":31,"type":"cond-expr","locations":[{"start":{"line":31,"column":16},"end":{"line":31,"column":35}},{"start":{"line":31,"column":38},"end":{"line":31,"column":42}}]},"5":{"line":35,"type":"cond-expr","locations":[{"start":{"line":35,"column":19},"end":{"line":35,"column":38}},{"start":{"line":35,"column":41},"end":{"line":35,"column":45}}]},"6":{"line":40,"type":"cond-expr","locations":[{"start":{"line":40,"column":19},"end":{"line":40,"column":26}},{"start":{"line":40,"column":29},"end":{"line":40,"column":33}}]},"7":{"line":45,"type":"cond-expr","locations":[{"start":{"line":45,"column":16},"end":{"line":45,"column":20}},{"start":{"line":45,"column":23},"end":{"line":45,"column":30}}]},"8":{"line":52,"type":"if","locations":[{"start":{"line":52,"column":2},"end":{"line":52,"column":2}},{"start":{"line":52,"column":2},"end":{"line":52,"column":2}}]},"9":{"line":56,"type":"if","locations":[{"start":{"line":56,"column":2},"end":{"line":56,"column":2}},{"start":{"line":56,"column":2},"end":{"line":56,"column":2}}]},"10":{"line":60,"type":"if","locations":[{"start":{"line":60,"column":2},"end":{"line":60,"column":2}},{"start":{"line":60,"column":2},"end":{"line":60,"column":2}}]}}},"/home/url-fuzzing/languagefuzzing/JavaScriptCoverage/node_modules/whatwg-url/lib/URL-impl.js":{"path":"/home/url-fuzzing/languagefuzzing/JavaScriptCoverage/node_modules/whatwg-url/lib/URL-impl.js","s":{"1":1,"2":1,"3":1,"4":1,"5":216,"6":216,"7":216,"8":216,"9":0,"10":0,"11":0,"12":216,"13":216,"14":1,"15":215,"16":215,"17":215,"18":215,"19":0,"20":0,"21":0,"22":0,"23":0,"24":0,"25":0,"26":0,"27":0,"28":0,"29":0,"30":0,"31":0,"32":0,"33":0,"34":0,"35":0,"36":0,"37":0,"38":0,"39":0,"40":0,"41":0,"42":0,"43":0,"44":0,"45":0,"46":0,"47":0,"48":0,"49":0,"50":0,"51":0,"52":0,"53":0,"54":0,"55":0,"56":0,"57":0,"58":0,"59":0,"60":0,"61":0,"62":0,"63":0,"64":0,"65":0,"66":0,"67":0,"68":0,"69":0,"70":0,"71":0,"72":0,"73":0,"74":0,"75":0,"76":0,"77":0,"78":0,"79":0,"80":0,"81":0,"82":0,"83":0,"84":0,"85":0,"86":0,"87":0,"88":0,"89":0,"90":0,"91":0,"92":0,"93":0},"b":{"1":[0,216],"2":[0,0],"3":[1,215],"4":[66,149],"5":[0,0],"6":[0,0],"7":[0,0],"8":[0,0],"9":[0,0],"10":[0,0],"11":[0,0],"12":[0,0],"13":[0,0],"14":[0,0],"15":[0,0],"16":[0,0],"17":[0,0],"18":[0,0],"19":[0,0],"20":[0,0],"21":[0,0],"22":[0,0],"23":[0,0],"24":[0,0],"25":[0,0],"26":[0,0],"27":[0,0]},"f":{"1":216,"2":0,"3":0,"4":0,"5":0,"6":0,"7":0,"8":0,"9":0,"10":0,"11":0,"12":0,"13":0,"14":0,"15":0,"16":0,"17":0,"18":0,"19":0,"20":0,"21":0,"22":0,"23":0,"24":0},"fnMap":{"1":{"name":"(anonymous_1)","line":7,"loc":{"start":{"line":7,"column":13},"end":{"line":7,"column":45}}},"2":{"name":"(anonymous_2)","line":34,"loc":{"start":{"line":34,"column":10},"end":{"line":34,"column":13}}},"3":{"name":"(anonymous_3)","line":38,"loc":{"start":{"line":38,"column":10},"end":{"line":38,"column":14}}},"4":{"name":"(anonymous_4)","line":53,"loc":{"start":{"line":53,"column":12},"end":{"line":53,"column":15}}},"5":{"name":"(anonymous_5)","line":57,"loc":{"start":{"line":57,"column":14},"end":{"line":57,"column":17}}},"6":{"name":"(anonymous_6)","line":61,"loc":{"start":{"line":61,"column":14},"end":{"line":61,"column":18}}},"7":{"name":"(anonymous_7)","line":65,"loc":{"start":{"line":65,"column":14},"end":{"line":65,"column":17}}},"8":{"name":"(anonymous_8)","line":69,"loc":{"start":{"line":69,"column":14},"end":{"line":69,"column":18}}},"9":{"name":"(anonymous_9)","line":77,"loc":{"start":{"line":77,"column":14},"end":{"line":77,"column":17}}},"10":{"name":"(anonymous_10)","line":81,"loc":{"start":{"line":81,"column":14},"end":{"line":81,"column":18}}},"11":{"name":"(anonymous_11)","line":89,"loc":{"start":{"line":89,"column":10},"end":{"line":89,"column":13}}},"12":{"name":"(anonymous_12)","line":103,"loc":{"start":{"line":103,"column":10},"end":{"line":103,"column":14}}},"13":{"name":"(anonymous_13)","line":111,"loc":{"start":{"line":111,"column":14},"end":{"line":111,"column":17}}},"14":{"name":"(anonymous_14)","line":119,"loc":{"start":{"line":119,"column":14},"end":{"line":119,"column":18}}},"15":{"name":"(anonymous_15)","line":127,"loc":{"start":{"line":127,"column":10},"end":{"line":127,"column":13}}},"16":{"name":"(anonymous_16)","line":135,"loc":{"start":{"line":135,"column":10},"end":{"line":135,"column":14}}},"17":{"name":"(anonymous_17)","line":147,"loc":{"start":{"line":147,"column":14},"end":{"line":147,"column":17}}},"18":{"name":"(anonymous_18)","line":159,"loc":{"start":{"line":159,"column":14},"end":{"line":159,"column":18}}},"19":{"name":"(anonymous_19)","line":168,"loc":{"start":{"line":168,"column":12},"end":{"line":168,"column":15}}},"20":{"name":"(anonymous_20)","line":176,"loc":{"start":{"line":176,"column":12},"end":{"line":176,"column":16}}},"21":{"name":"(anonymous_21)","line":191,"loc":{"start":{"line":191,"column":18},"end":{"line":191,"column":21}}},"22":{"name":"(anonymous_22)","line":195,"loc":{"start":{"line":195,"column":10},"end":{"line":195,"column":13}}},"23":{"name":"(anonymous_23)","line":203,"loc":{"start":{"line":203,"column":10},"end":{"line":203,"column":14}}},"24":{"name":"(anonymous_24)","line":214,"loc":{"start":{"line":214,"column":8},"end":{"line":214,"column":11}}}},"statementMap":{"1":{"start":{"line":2,"column":0},"end":{"line":2,"column":43}},"2":{"start":{"line":3,"column":0},"end":{"line":3,"column":43}},"3":{"start":{"line":4,"column":0},"end":{"line":4,"column":53}},"4":{"start":{"line":6,"column":0},"end":{"line":217,"column":2}},"5":{"start":{"line":8,"column":4},"end":{"line":8,"column":35}},"6":{"start":{"line":9,"column":4},"end":{"line":9,"column":36}},"7":{"start":{"line":11,"column":4},"end":{"line":11,"column":26}},"8":{"start":{"line":12,"column":4},"end":{"line":17,"column":5}},"9":{"start":{"line":13,"column":6},"end":{"line":13,"column":43}},"10":{"start":{"line":14,"column":6},"end":{"line":16,"column":7}},"11":{"start":{"line":15,"column":8},"end":{"line":15,"column":57}},"12":{"start":{"line":19,"column":4},"end":{"line":19,"column":70}},"13":{"start":{"line":20,"column":4},"end":{"line":22,"column":5}},"14":{"start":{"line":21,"column":6},"end":{"line":21,"column":49}},"15":{"start":{"line":24,"column":4},"end":{"line":24,"column":66}},"16":{"start":{"line":26,"column":4},"end":{"line":26,"column":26}},"17":{"start":{"line":30,"column":4},"end":{"line":30,"column":95}},"18":{"start":{"line":31,"column":4},"end":{"line":31,"column":28}},"19":{"start":{"line":35,"column":4},"end":{"line":35,"column":39}},"20":{"start":{"line":39,"column":4},"end":{"line":39,"column":43}},"21":{"start":{"line":40,"column":4},"end":{"line":42,"column":5}},"22":{"start":{"line":41,"column":6},"end":{"line":41,"column":47}},"23":{"start":{"line":44,"column":4},"end":{"line":44,"column":26}},"24":{"start":{"line":46,"column":4},"end":{"line":46,"column":32}},"25":{"start":{"line":47,"column":4},"end":{"line":47,"column":32}},"26":{"start":{"line":48,"column":4},"end":{"line":50,"column":5}},"27":{"start":{"line":49,"column":6},"end":{"line":49,"column":60}},"28":{"start":{"line":54,"column":4},"end":{"line":54,"column":45}},"29":{"start":{"line":58,"column":4},"end":{"line":58,"column":34}},"30":{"start":{"line":62,"column":4},"end":{"line":62,"column":82}},"31":{"start":{"line":66,"column":4},"end":{"line":66,"column":30}},"32":{"start":{"line":70,"column":4},"end":{"line":72,"column":5}},"33":{"start":{"line":71,"column":6},"end":{"line":71,"column":13}},"34":{"start":{"line":74,"column":4},"end":{"line":74,"column":37}},"35":{"start":{"line":78,"column":4},"end":{"line":78,"column":30}},"36":{"start":{"line":82,"column":4},"end":{"line":84,"column":5}},"37":{"start":{"line":83,"column":6},"end":{"line":83,"column":13}},"38":{"start":{"line":86,"column":4},"end":{"line":86,"column":37}},"39":{"start":{"line":90,"column":4},"end":{"line":90,"column":26}},"40":{"start":{"line":92,"column":4},"end":{"line":94,"column":5}},"41":{"start":{"line":93,"column":6},"end":{"line":93,"column":16}},"42":{"start":{"line":96,"column":4},"end":{"line":98,"column":5}},"43":{"start":{"line":97,"column":6},"end":{"line":97,"column":41}},"44":{"start":{"line":100,"column":4},"end":{"line":100,"column":78}},"45":{"start":{"line":104,"column":4},"end":{"line":106,"column":5}},"46":{"start":{"line":105,"column":6},"end":{"line":105,"column":13}},"47":{"start":{"line":108,"column":4},"end":{"line":108,"column":68}},"48":{"start":{"line":112,"column":4},"end":{"line":114,"column":5}},"49":{"start":{"line":113,"column":6},"end":{"line":113,"column":16}},"50":{"start":{"line":116,"column":4},"end":{"line":116,"column":45}},"51":{"start":{"line":120,"column":4},"end":{"line":122,"column":5}},"52":{"start":{"line":121,"column":6},"end":{"line":121,"column":13}},"53":{"start":{"line":124,"column":4},"end":{"line":124,"column":72}},"54":{"start":{"line":128,"column":4},"end":{"line":130,"column":5}},"55":{"start":{"line":129,"column":6},"end":{"line":129,"column":16}},"56":{"start":{"line":132,"column":4},"end":{"line":132,"column":48}},"57":{"start":{"line":136,"column":4},"end":{"line":138,"column":5}},"58":{"start":{"line":137,"column":6},"end":{"line":137,"column":13}},"59":{"start":{"line":140,"column":4},"end":{"line":144,"column":5}},"60":{"start":{"line":141,"column":6},"end":{"line":141,"column":28}},"61":{"start":{"line":143,"column":6},"end":{"line":143,"column":70}},"62":{"start":{"line":148,"column":4},"end":{"line":150,"column":5}},"63":{"start":{"line":149,"column":6},"end":{"line":149,"column":31}},"64":{"start":{"line":152,"column":4},"end":{"line":154,"column":5}},"65":{"start":{"line":153,"column":6},"end":{"line":153,"column":16}},"66":{"start":{"line":156,"column":4},"end":{"line":156,"column":42}},"67":{"start":{"line":160,"column":4},"end":{"line":162,"column":5}},"68":{"start":{"line":161,"column":6},"end":{"line":161,"column":13}},"69":{"start":{"line":164,"column":4},"end":{"line":164,"column":24}},"70":{"start":{"line":165,"column":4},"end":{"line":165,"column":74}},"71":{"start":{"line":169,"column":4},"end":{"line":171,"column":5}},"72":{"start":{"line":170,"column":6},"end":{"line":170,"column":16}},"73":{"start":{"line":173,"column":4},"end":{"line":173,"column":33}},"74":{"start":{"line":177,"column":4},"end":{"line":177,"column":26}},"75":{"start":{"line":179,"column":4},"end":{"line":183,"column":5}},"76":{"start":{"line":180,"column":6},"end":{"line":180,"column":23}},"77":{"start":{"line":181,"column":6},"end":{"line":181,"column":29}},"78":{"start":{"line":182,"column":6},"end":{"line":182,"column":13}},"79":{"start":{"line":185,"column":4},"end":{"line":185,"column":52}},"80":{"start":{"line":186,"column":4},"end":{"line":186,"column":19}},"81":{"start":{"line":187,"column":4},"end":{"line":187,"column":62}},"82":{"start":{"line":188,"column":4},"end":{"line":188,"column":58}},"83":{"start":{"line":192,"column":4},"end":{"line":192,"column":23}},"84":{"start":{"line":196,"column":4},"end":{"line":198,"column":5}},"85":{"start":{"line":197,"column":6},"end":{"line":197,"column":16}},"86":{"start":{"line":200,"column":4},"end":{"line":200,"column":36}},"87":{"start":{"line":204,"column":4},"end":{"line":207,"column":5}},"88":{"start":{"line":205,"column":6},"end":{"line":205,"column":32}},"89":{"start":{"line":206,"column":6},"end":{"line":206,"column":13}},"90":{"start":{"line":209,"column":4},"end":{"line":209,"column":52}},"91":{"start":{"line":210,"column":4},"end":{"line":210,"column":28}},"92":{"start":{"line":211,"column":4},"end":{"line":211,"column":76}},"93":{"start":{"line":215,"column":4},"end":{"line":215,"column":21}}},"branchMap":{"1":{"line":12,"type":"if","locations":[{"start":{"line":12,"column":4},"end":{"line":12,"column":4}},{"start":{"line":12,"column":4},"end":{"line":12,"column":4}}]},"2":{"line":14,"type":"if","locations":[{"start":{"line":14,"column":6},"end":{"line":14,"column":6}},{"start":{"line":14,"column":6},"end":{"line":14,"column":6}}]},"3":{"line":20,"type":"if","locations":[{"start":{"line":20,"column":4},"end":{"line":20,"column":4}},{"start":{"line":20,"column":4},"end":{"line":20,"column":4}}]},"4":{"line":24,"type":"cond-expr","locations":[{"start":{"line":24,"column":45},"end":{"line":24,"column":60}},{"start":{"line":24,"column":63},"end":{"line":24,"column":65}}]},"5":{"line":40,"type":"if","locations":[{"start":{"line":40,"column":4},"end":{"line":40,"column":4}},{"start":{"line":40,"column":4},"end":{"line":40,"column":4}}]},"6":{"line":48,"type":"if","locations":[{"start":{"line":48,"column":4},"end":{"line":48,"column":4}},{"start":{"line":48,"column":4},"end":{"line":48,"column":4}}]},"7":{"line":70,"type":"if","locations":[{"start":{"line":70,"column":4},"end":{"line":70,"column":4}},{"start":{"line":70,"column":4},"end":{"line":70,"column":4}}]},"8":{"line":82,"type":"if","locations":[{"start":{"line":82,"column":4},"end":{"line":82,"column":4}},{"start":{"line":82,"column":4},"end":{"line":82,"column":4}}]},"9":{"line":92,"type":"if","locations":[{"start":{"line":92,"column":4},"end":{"line":92,"column":4}},{"start":{"line":92,"column":4},"end":{"line":92,"column":4}}]},"10":{"line":96,"type":"if","locations":[{"start":{"line":96,"column":4},"end":{"line":96,"column":4}},{"start":{"line":96,"column":4},"end":{"line":96,"column":4}}]},"11":{"line":104,"type":"if","locations":[{"start":{"line":104,"column":4},"end":{"line":104,"column":4}},{"start":{"line":104,"column":4},"end":{"line":104,"column":4}}]},"12":{"line":112,"type":"if","locations":[{"start":{"line":112,"column":4},"end":{"line":112,"column":4}},{"start":{"line":112,"column":4},"end":{"line":112,"column":4}}]},"13":{"line":120,"type":"if","locations":[{"start":{"line":120,"column":4},"end":{"line":120,"column":4}},{"start":{"line":120,"column":4},"end":{"line":120,"column":4}}]},"14":{"line":128,"type":"if","locations":[{"start":{"line":128,"column":4},"end":{"line":128,"column":4}},{"start":{"line":128,"column":4},"end":{"line":128,"column":4}}]},"15":{"line":136,"type":"if","locations":[{"start":{"line":136,"column":4},"end":{"line":136,"column":4}},{"start":{"line":136,"column":4},"end":{"line":136,"column":4}}]},"16":{"line":140,"type":"if","locations":[{"start":{"line":140,"column":4},"end":{"line":140,"column":4}},{"start":{"line":140,"column":4},"end":{"line":140,"column":4}}]},"17":{"line":148,"type":"if","locations":[{"start":{"line":148,"column":4},"end":{"line":148,"column":4}},{"start":{"line":148,"column":4},"end":{"line":148,"column":4}}]},"18":{"line":152,"type":"if","locations":[{"start":{"line":152,"column":4},"end":{"line":152,"column":4}},{"start":{"line":152,"column":4},"end":{"line":152,"column":4}}]},"19":{"line":160,"type":"if","locations":[{"start":{"line":160,"column":4},"end":{"line":160,"column":4}},{"start":{"line":160,"column":4},"end":{"line":160,"column":4}}]},"20":{"line":169,"type":"if","locations":[{"start":{"line":169,"column":4},"end":{"line":169,"column":4}},{"start":{"line":169,"column":4},"end":{"line":169,"column":4}}]},"21":{"line":169,"type":"binary-expr","locations":[{"start":{"line":169,"column":8},"end":{"line":169,"column":32}},{"start":{"line":169,"column":36},"end":{"line":169,"column":58}}]},"22":{"line":179,"type":"if","locations":[{"start":{"line":179,"column":4},"end":{"line":179,"column":4}},{"start":{"line":179,"column":4},"end":{"line":179,"column":4}}]},"23":{"line":185,"type":"cond-expr","locations":[{"start":{"line":185,"column":33},"end":{"line":185,"column":47}},{"start":{"line":185,"column":50},"end":{"line":185,"column":51}}]},"24":{"line":196,"type":"if","locations":[{"start":{"line":196,"column":4},"end":{"line":196,"column":4}},{"start":{"line":196,"column":4},"end":{"line":196,"column":4}}]},"25":{"line":196,"type":"binary-expr","locations":[{"start":{"line":196,"column":8},"end":{"line":196,"column":35}},{"start":{"line":196,"column":39},"end":{"line":196,"column":64}}]},"26":{"line":204,"type":"if","locations":[{"start":{"line":204,"column":4},"end":{"line":204,"column":4}},{"start":{"line":204,"column":4},"end":{"line":204,"column":4}}]},"27":{"line":209,"type":"cond-expr","locations":[{"start":{"line":209,"column":33},"end":{"line":209,"column":47}},{"start":{"line":209,"column":50},"end":{"line":209,"column":51}}]}}},"/home/url-fuzzing/languagefuzzing/JavaScriptCoverage/node_modules/whatwg-url/lib/url-state-machine.js":{"path":"/home/url-fuzzing/languagefuzzing/JavaScriptCoverage/node_modules/whatwg-url/lib/url-state-machine.js","s":{"1":1,"2":1,"3":1,"4":1,"5":1,"6":1,"7":1,"8":165,"9":1,"10":1000,"11":1000,"12":1,"13":289,"14":1,"15":179,"16":179,"17":1,"18":0,"19":1,"20":89,"21":1,"22":0,"23":1,"24":76,"25":1,"26":34,"27":1,"28":5369,"29":1,"30":5198,"31":1,"32":171,"33":1,"34":54,"35":1,"36":0,"37":0,"38":0,"39":0,"40":0,"41":1,"42":889,"43":1,"44":1,"45":130,"46":1,"47":1,"48":591,"49":1,"50":1,"51":537,"52":1,"53":889,"54":889,"55":0,"56":889,"57":1,"58":214,"59":214,"60":0,"61":0,"62":214,"63":0,"64":0,"65":214,"66":0,"67":214,"68":214,"69":214,"70":214,"71":0,"72":214,"73":30,"74":184,"75":1,"76":76,"77":76,"78":0,"79":0,"80":76,"81":0,"82":76,"83":76,"84":214,"85":0,"86":214,"87":214,"88":30,"89":184,"90":46,"91":138,"92":0,"93":46,"94":0,"95":46,"96":46,"97":46,"98":138,"99":138,"100":46,"101":1,"102":0,"103":0,"104":0,"105":0,"106":0,"107":0,"108":0,"109":0,"110":1,"111":61,"112":61,"113":61,"114":61,"115":61,"116":61,"117":23,"118":0,"119":23,"120":23,"121":23,"122":61,"123":250,"124":0,"125":250,"126":32,"127":0,"128":32,"129":32,"130":32,"131":32,"132":218,"133":218,"134":218,"135":845,"136":845,"137":845,"138":218,"139":16,"140":0,"141":16,"142":16,"143":0,"144":16,"145":16,"146":64,"147":64,"148":48,"149":48,"150":0,"151":64,"152":0,"153":64,"154":155,"155":155,"156":64,"157":91,"158":0,"159":91,"160":155,"161":0,"162":155,"163":64,"164":64,"165":64,"166":32,"167":16,"168":0,"169":16,"170":202,"171":167,"172":167,"173":0,"174":35,"175":0,"176":202,"177":202,"178":61,"179":55,"180":55,"181":55,"182":115,"183":115,"184":115,"185":115,"186":115,"187":6,"188":0,"189":61,"190":1,"191":0,"192":0,"193":0,"194":0,"195":0,"196":0,"197":0,"198":0,"199":0,"200":0,"201":0,"202":0,"203":0,"204":0,"205":0,"206":0,"207":0,"208":0,"209":1,"210":171,"211":61,"212":0,"213":61,"214":110,"215":34,"216":76,"217":76,"218":76,"219":0,"220":76,"221":0,"222":76,"223":76,"224":46,"225":30,"226":1,"227":34,"228":0,"229":34,"230":34,"231":34,"232":169,"233":34,"234":1,"235":0,"236":0,"237":0,"238":0,"239":0,"24
[...]
ine":1643,"column":38}}]},"164":{"line":1645,"type":"if","locations":[{"start":{"line":1645,"column":6},"end":{"line":1645,"column":6}},{"start":{"line":1645,"column":6},"end":{"line":1645,"column":6}}]},"165":{"line":1645,"type":"binary-expr","locations":[{"start":{"line":1645,"column":10},"end":{"line":1645,"column":35}},{"start":{"line":1645,"column":39},"end":{"line":1645,"column":49}}]},"166":{"line":1650,"type":"if","locations":[{"start":{"line":1650,"column":6},"end":{"line":1650,"column":6}},{"start":{"line":1650,"column":6},"end":{"line":1650,"column":6}}]},"167":{"line":1662,"type":"if","locations":[{"start":{"line":1662,"column":6},"end":{"line":1662,"column":6}},{"start":{"line":1662,"column":6},"end":{"line":1662,"column":6}}]},"168":{"line":1690,"type":"if","locations":[{"start":{"line":1690,"column":2},"end":{"line":1690,"column":2}},{"start":{"line":1690,"column":2},"end":{"line":1690,"column":2}}]},"169":{"line":1690,"type":"binary-expr","locations":[{"start":{"line":1690,"column":6},"end":{"line":1690,"column":28}},{"start":{"line":1690,"column":32},"end":{"line":1690,"column":42}}]},"170":{"line":1696,"type":"if","locations":[{"start":{"line":1696,"column":4},"end":{"line":1696,"column":4}},{"start":{"line":1696,"column":4},"end":{"line":1696,"column":4}}]},"171":{"line":1696,"type":"cond-expr","locations":[{"start":{"line":1696,"column":22},"end":{"line":1696,"column":34}},{"start":{"line":1696,"column":37},"end":{"line":1696,"column":68}}]},"172":{"line":1702,"type":"if","locations":[{"start":{"line":1702,"column":2},"end":{"line":1702,"column":2}},{"start":{"line":1702,"column":2},"end":{"line":1702,"column":2}}]},"173":{"line":1702,"type":"binary-expr","locations":[{"start":{"line":1702,"column":6},"end":{"line":1702,"column":13}},{"start":{"line":1702,"column":17},"end":{"line":1702,"column":33}}]},"174":{"line":1715,"type":"if","locations":[{"start":{"line":1715,"column":4},"end":{"line":1715,"column":4}},{"start":{"line":1715,"column":4},"end":{"line":1715,"column":4}}]},"175":{"line":1716,"type":"cond-expr","locations":[{"start":{"line":1717,"column":10},"end":{"line":1717,"column":67}},{"start":{"line":1718,"column":10},"end":{"line":1718,"column":67}}]},"176":{"line":1721,"type":"if","locations":[{"start":{"line":1721,"column":4},"end":{"line":1721,"column":4}},{"start":{"line":1721,"column":4},"end":{"line":1721,"column":4}}]},"177":{"line":1721,"type":"cond-expr","locations":[{"start":{"line":1722,"column":13},"end":{"line":1722,"column":95}},{"start":{"line":1723,"column":12},"end":{"line":1723,"column":20}}]},"178":{"line":1722,"type":"binary-expr","locations":[{"start":{"line":1722,"column":13},"end":{"line":1722,"column":34}},{"start":{"line":1722,"column":38},"end":{"line":1722,"column":95}}]},"179":{"line":1728,"type":"binary-expr","locations":[{"start":{"line":1728,"column":4},"end":{"line":1728,"column":12}},{"start":{"line":1728,"column":17},"end":{"line":1728,"column":48}}]},"180":{"line":1730,"type":"if","locations":[{"start":{"line":1730,"column":2},"end":{"line":1730,"column":2}},{"start":{"line":1730,"column":2},"end":{"line":1730,"column":2}}]},"181":{"line":1730,"type":"binary-expr","locations":[{"start":{"line":1730,"column":6},"end":{"line":1730,"column":12}},{"start":{"line":1730,"column":16},"end":{"line":1730,"column":25}}]},"182":{"line":1735,"type":"if","locations":[{"start":{"line":1735,"column":4},"end":{"line":1735,"column":4}},{"start":{"line":1735,"column":4},"end":{"line":1735,"column":4}}]},"183":{"line":1735,"type":"binary-expr","locations":[{"start":{"line":1735,"column":8},"end":{"line":1735,"column":26}},{"start":{"line":1736,"column":9},"end":{"line":1736,"column":32}},{"start":{"line":1736,"column":36},"end":{"line":1736,"column":58}},{"start":{"line":1737,"column":8},"end":{"line":1738,"column":69}}]},"184":{"line":1737,"type":"binary-expr","locations":[{"start":{"line":1737,"column":10},"end":{"line":1737,"column":38}},{"start":{"line":1737,"column":42},"end":{"line":1737,"column":68}},{"start":{"line":1738,"column":10},"end":{"line":1738,"column":38}},{"start":{"line":1738,"column":42},"end":{"line":1738,"column":68}}]},"185":{"line":1757,"type":"cond-expr","locations":[{"start":{"line":1758,"column":6},"end":{"line":1758,"column":54}},{"start":{"line":1759,"column":6},"end":{"line":1759,"column":14}}]},"186":{"line":1758,"type":"cond-expr","locations":[{"start":{"line":1758,"column":36},"end":{"line":1758,"column":44}},{"start":{"line":1758,"column":47},"end":{"line":1758,"column":53}}]},"187":{"line":1792,"type":"cond-expr","locations":[{"start":{"line":1792,"column":31},"end":{"line":1792,"column":36}},{"start":{"line":1792,"column":39},"end":{"line":1792,"column":48}}]},"188":{"line":1806,"type":"if","locations":[{"start":{"line":1806,"column":0},"end":{"line":1806,"column":0}},{"start":{"line":1806,"column":0},"end":{"line":1806,"column":0}}]},"189":{"line":1806,"type":"binary-expr","locations":[{"start":{"line":1806,"column":5},"end":{"line":1806,"column":13}},{"start":{"line":1806,"column":17},"end":{"line":1806,"column":72}},{"start":{"line":1807,"column":5},"end":{"line":1807,"column":8}},{"start":{"line":1807,"column":12},"end":{"line":1807,"column":37}},{"start":{"line":1808,"column":5},"end":{"line":1808,"column":12}},{"start":{"line":1808,"column":16},"end":{"line":1808,"column":55}},{"start":{"line":1809,"column":5},"end":{"line":1809,"column":8}},{"start":{"line":1809,"column":12},"end":{"line":1809,"column":37}},{"start":{"line":1810,"column":5},"end":{"line":1810,"column":12}},{"start":{"line":1810,"column":16},"end":{"line":1810,"column":49}}]},"190":{"line":1813,"type":"cond-expr","locations":[{"start":{"line":1813,"column":37},"end":{"line":1813,"column":54}},{"start":{"line":1813,"column":57},"end":{"line":1813,"column":66}}]},"191":{"line":1814,"type":"cond-expr","locations":[{"start":{"line":1814,"column":28},"end":{"line":1814,"column":42}},{"start":{"line":1814,"column":45},"end":{"line":1814,"column":54}}]},"192":{"line":1816,"type":"if","locations":[{"start":{"line":1816,"column":4},"end":{"line":1816,"column":4}},{"start":{"line":1816,"column":4},"end":{"line":1816,"column":4}}]},"193":{"line":1817,"type":"switch","locations":[{"start":{"line":1818,"column":8},"end":{"line":1818,"column":52}},{"start":{"line":1819,"column":8},"end":{"line":1819,"column":42}},{"start":{"line":1820,"column":8},"end":{"line":1820,"column":50}},{"start":{"line":1821,"column":8},"end":{"line":1821,"column":42}},{"start":{"line":1822,"column":8},"end":{"line":1822,"column":50}}]},"194":{"line":1839,"type":"cond-expr","locations":[{"start":{"line":1839,"column":31},"end":{"line":1839,"column":37}},{"start":{"line":1839,"column":40},"end":{"line":1839,"column":54}}]},"195":{"line":1847,"type":"if","locations":[{"start":{"line":1847,"column":4},"end":{"line":1847,"column":4}},{"start":{"line":1847,"column":4},"end":{"line":1847,"column":4}}]},"196":{"line":1847,"type":"binary-expr","locations":[{"start":{"line":1847,"column":19},"end":{"line":1847,"column":33}},{"start":{"line":1847,"column":37},"end":{"line":1847,"column":57}}]},"197":{"line":1852,"type":"if","locations":[{"start":{"line":1852,"column":2},"end":{"line":1852,"column":2}},{"start":{"line":1852,"column":2},"end":{"line":1852,"column":2}}]},"198":{"line":1855,"type":"cond-expr","locations":[{"start":{"line":1855,"column":24},"end":{"line":1855,"column":37}},{"start":{"line":1855,"column":40},"end":{"line":1855,"column":41}}]},"199":{"line":1856,"type":"binary-expr","locations":[{"start":{"line":1856,"column":9},"end":{"line":1856,"column":17}},{"start":{"line":1856,"column":21},"end":{"line":1856,"column":37}},{"start":{"line":1856,"column":41},"end":{"line":1856,"column":61}},{"start":{"line":1857,"column":5},"end":{"line":1857,"column":20}},{"start":{"line":1857,"column":24},"end":{"line":1857,"column":43}}]},"200":{"line":1868,"type":"binary-expr","locations":[{"start":{"line":1868,"column":9},"end":{"line":1868,"column":23}},{"start":{"line":1868,"column":27},"end":{"line":1868,"column":45}},{"start":{"line":1869,"column":4},"end":{"line":1869,"column":60}}]},"201":{"line":1869,"type":"binary-expr","locations":[{"start":{"line":1869,"column":7},"end":{"line":1869,"column":23}},{"start":{"line":1869,"column":27},"end":{"line":1869,"column":32}},{"start":{"line":1869,"column":36},"end":{"line":1869,"column":59}}]},"202":{"line":1881,"type":"cond-expr","locations":[{"start":{"line":1881,"column":28},"end":{"line":1881,"column":44}},{"start":{"line":1881,"column":47},"end":{"line":1881,"column":53}}]},"203":{"line":1882,"type":"binary-expr","locations":[{"start":{"line":1882,"column":9},"end":{"line":1882,"column":17}},{"start":{"line":1883,"column":5},"end":{"line":1883,"column":29}},{"start":{"line":1883,"column":33},"end":{"line":1883,"column":53}},{"start":{"line":1884,"column":5},"end":{"line":1884,"column":15}},{"start":{"line":1884,"column":19},"end":{"line":1884,"column":33}},{"start":{"line":1884,"column":37},"end":{"line":1884,"column":51}}]},"204":{"line":1898,"type":"if","locations":[{"start":{"line":1898,"column":2},"end":{"line":1898,"column":2}},{"start":{"line":1898,"column":2},"end":{"line":1898,"column":2}}]},"205":{"line":1902,"type":"if","locations":[{"start":{"line":1902,"column":2},"end":{"line":1902,"column":2}},{"start":{"line":1902,"column":2},"end":{"line":1902,"column":2}}]},"206":{"line":1902,"type":"cond-expr","locations":[{"start":{"line":1903,"column":11},"end":{"line":1903,"column":63}},{"start":{"line":1904,"column":11},"end":{"line":1904,"column":46}}]},"207":{"line":1903,"type":"binary-expr","locations":[{"start":{"line":1903,"column":11},"end":{"line":1903,"column":30}},{"start":{"line":1903,"column":34},"end":{"line":1903,"column":63}}]},"208":{"line":1904,"type":"binary-expr","locations":[{"start":{"line":1904,"column":11},"end":{"line":1904,"column":27}},{"start":{"line":1904,"column":31},"end":{"line":1904,"column":46}}]},"209":{"line":1920,"type":"if","locations":[{"start":{"line":1920,"column":2},"end":{"line":1920,"column":2}},{"start":{"line":1920,"column":2},"end":{"line":1920,"column":2}}]},"210":{"line":1924,"type":"if","locations":[{"start":{"line":1924,"column":2},"end":{"line":1924,"column":2}},{"start":{"line":1924,"column":2},"end":{"line":1924,"column":2}}]},"211":{"line":1924,"type":"binary-expr","locations":[{"start":{"line":1924,"column":6},"end":{"line":1924,"column":22}},{"start":{"line":1924,"column":26},"end":{"line":1924,"column":42}},{"start":{"line":1924,"column":46},"end":{"line":1924,"column":63}},{"start":{"line":1925,"column":6},"end":{"line":1925,"column":19}},{"start":{"line":1925,"column":23},"end":{"line":1925,"column":38}}]},"212":{"line":1928,"type":"binary-expr","locations":[{"start":{"line":1928,"column":9},"end":{"line":1928,"column":34}},{"start":{"line":1928,"column":38},"end":{"line":1928,"column":63}},{"start":{"line":1929,"column":5},"end":{"line":1929,"column":19}},{"start":{"line":1929,"column":23},"end":{"line":1929,"column":46}}]},"213":{"line":1941,"type":"cond-expr","locations":[{"start":{"line":1942,"column":7},"end":{"line":1942,"column":28}},{"start":{"line":1943,"column":7},"end":{"line":1943,"column":21}}]},"214":{"line":1941,"type":"binary-expr","locations":[{"start":{"line":1941,"column":10},"end":{"line":1941,"column":26}},{"start":{"line":1941,"column":30},"end":{"line":1941,"column":46}},{"start":{"line":1941,"column":50},"end":{"line":1941,"column":66}},{"start":{"line":1941,"column":70},"end":{"line":1941,"column":87}}]},"215":{"line":1954,"type":"binary-expr","locations":[{"start":{"line":1954,"column":9},"end":{"line":1954,"column":21}},{"start":{"line":1954,"column":26},"end":{"line":1954,"column":44}}]},"216":{"line":1965,"type":"binary-expr","locations":[{"start":{"line":1965,"column":13},"end":{"line":1965,"column":18}},{"start":{"line":1965,"column":22},"end":{"line":1965,"column":39}}]},"217":{"line":1966,"type":"binary-expr","locations":[{"start":{"line":1966,"column":15},"end":{"line":1966,"column":40}},{"start":{"line":1966,"column":44},"end":{"line":1966,"column":58}},{"start":{"line":1966,"column":63},"end":{"line":1966,"column":74}}]},"218":{"line":1980,"type":"binary-expr","locations":[{"start":{"line":1980,"column":9},"end":{"line":1980,"column":24}},{"start":{"line":1980,"column":28},"end":{"line":1980,"column":44}}]},"219":{"line":1994,"type":"if","locations":[{"start":{"line":1994,"column":4},"end":{"line":1994,"column":4}},{"start":{"line":1994,"column":4},"end":{"line":1994,"column":4}}]},"220":{"line":1997,"type":"binary-expr","locations":[{"start":{"line":1997,"column":11},"end":{"line":1997,"column":35}},{"start":{"line":1998,"column":7},"end":{"line":1998,"column":29}},{"start":{"line":1998,"column":34},"end":{"line":1998,"column":55}}]},"221":{"line":2013,"type":"if","locations":[{"start":{"line":2013,"column":2},"end":{"line":2013,"column":2}},{"start":{"line":2013,"column":2},"end":{"line":2013,"column":2}}]},"222":{"line":2017,"type":"cond-expr","locations":[{"start":{"line":2017,"column":24},"end":{"line":2017,"column":58}},{"start":{"line":2017,"column":62},"end":{"line":2017,"column":77}}]},"223":{"line":2017,"type":"binary-expr","locations":[{"start":{"line":2017,"column":62},"end":{"line":2017,"column":68}},{"start":{"line":2017,"column":72},"end":{"line":2017,"column":77}}]},"224":{"line":2030,"type":"if","locations":[{"start":{"line":2030,"column":2},"end":{"line":2030,"column":2}},{"start":{"line":2030,"column":2},"end":{"line":2030,"column":2}}]},"225":{"line":2030,"type":"binary-expr","locations":[{"start":{"line":2030,"column":6},"end":{"line":2030,"column":30}},{"start":{"line":2030,"column":34},"end":{"line":2030,"column":49}}]},"226":{"line":2034,"type":"cond-expr","locations":[{"start":{"line":2034,"column":55},"end":{"line":2034,"column":59}},{"start":{"line":2034,"column":62},"end":{"line":2034,"column":68}}]},"227":{"line":2034,"type":"binary-expr","locations":[{"start":{"line":2034,"column":10},"end":{"line":2034,"column":23}},{"start":{"line":2034,"column":27},"end":{"line":2034,"column":51}}]},"228":{"line":2045,"type":"if","locations":[{"start":{"line":2045,"column":2},"end":{"line":2045,"column":2}},{"start":{"line":2045,"column":2},"end":{"line":2045,"column":2}}]},"229":{"line":2091,"type":"if","locations":[{"start":{"line":2091,"column":2},"end":{"line":2091,"column":2}},{"start":{"line":2091,"column":2},"end":{"line":2091,"column":2}}]},"230":{"line":2095,"type":"if","locations":[{"start":{"line":2095,"column":2},"end":{"line":2095,"column":2}},{"start":{"line":2095,"column":2},"end":{"line":2095,"column":2}}]},"231":{"line":2095,"type":"binary-expr","locations":[{"start":{"line":2095,"column":6},"end":{"line":2095,"column":16}},{"start":{"line":2095,"column":20},"end":{"line":2095,"column":74}}]},"232":{"line":2097,"type":"if","locations":[{"start":{"line":2097,"column":9},"end":{"line":2097,"column":9}},{"start":{"line":2097,"column":9},"end":{"line":2097,"column":9}}]},"233":{"line":2097,"type":"binary-expr","locations":[{"start":{"line":2097,"column":13},"end":{"line":2097,"column":23}},{"start":{"line":2097,"column":27},"end":{"line":2097,"column":83}}]},"234":{"line":2148,"type":"if","locations":[{"start":{"line":2148,"column":2},"end":{"line":2148,"column":2}},{"start":{"line":2148,"column":2},"end":{"line":2148,"column":2}}]},"235":{"line":2148,"type":"binary-expr","locations":[{"start":{"line":2148,"column":6},"end":{"line":2148,"column":31}},{"start":{"line":2148,"column":36},"end":{"line":2148,"column":44}},{"start":{"line":2148,"column":48},"end":{"line":2148,"column":77}}]},"236":{"line":2153,"type":"cond-expr","locations":[{"start":{"line":2153,"column":25},"end":{"line":2153,"column":51}},{"start":{"line":2153,"column":54},"end":{"line":2153,"column":61}}]},"237":{"line":2156,"type":"if","locations":[{"start":{"line":2156,"column":4},"end":{"line":2156,"column":4}},{"start":{"line":2156,"column":4},"end":{"line":2156,"column":4}}]},"238":{"line":2163,"type":"binary-expr","locations":[{"start":{"line":2163,"column":24},"end":{"line":2163,"column":37}},{"start":{"line":2163,"column":41},"end":{"line":2163,"column":49}}]},"239":{"line":2203,"type":"binary-expr","locations":[{"start":{"line":2203,"column":9},"end":{"line":2203,"column":24}},{"start":{"line":2203,"column":29},"end":{"line":2203,"column":44}},{"start":{"line":2203,"column":48},"end":{"line":2203,"column":63}}]},"240":{"line":2226,"type":"binary-expr","locations":[{"start":{"line":2226,"column":9},"end":{"line":2226,"column":33}},{"start":{"line":2226,"column":37},"end":{"line":2226,"column":73}},{"start":{"line":2227,"column":5},"end":{"line":2227,"column":48}},{"start":{"line":2227,"column":52},"end":{"line":2227,"column":89}}]},"241":{"line":2281,"type":"binary-expr","locations":[{"start":{"line":2281,"column":9},"end":{"line":2281,"column":22}},{"start":{"line":2281,"column":26},"end":{"line":2281,"column":48}},{"start":{"line":2281,"column":52},"end":{"line":2281,"column":70}}]},"242":{"line":2310,"type":"binary-expr","locations":[{"start":{"line":2310,"column":9},"end":{"line":2310,"column":28}},{"start":{"line":2310,"column":32},"end":{"line":2310,"column":50}}]},"243":{"line":2333,"type":"cond-expr","locations":[{"start":{"line":2333,"column":30},"end":{"line":2333,"column":56}},{"start":{"line":2333,"column":59},"end":{"line":2333,"column":61}}]},"244":{"line":2334,"type":"binary-expr","locations":[{"start":{"line":2334,"column":9},"end":{"line":2334,"column":23}},{"start":{"line":2334,"column":27},"end":{"line":2334,"column":40}}]},"245":{"line":2364,"type":"binary-expr","locations":[{"start":{"line":2364,"column":9},"end":{"line":2364,"column":33}},{"start":{"line":2365,"column":4},"end":{"line":2365,"column":14}},{"start":{"line":2365,"column":18},"end":{"line":2365,"column":32}},{"start":{"line":2365,"column":36},"end":{"line":2365,"column":61}}]},"246":{"line":2395,"type":"binary-expr","locations":[{"start":{"line":2395,"column":9},"end":{"line":2395,"column":16}},{"start":{"line":2395,"column":21},"end":{"line":2395,"column":37}},{"start":{"line":2395,"column":41},"end":{"line":2395,"column":59}}]},"247":{"line":2423,"type":"binary-expr","locations":[{"start":{"line":2423,"column":9},"end":{"line":2423,"column":16}},{"start":{"line":2423,"column":20},"end":{"line":2423,"column":44}}]},"248":{"line":2444,"type":"binary-expr","locations":[{"start":{"line":2444,"column":9},"end":{"line":2444,"column":33}},{"start":{"line":2445,"column":5},"end":{"line":2445,"column":24}},{"start":{"line":2445,"column":28},"end":{"line":2445,"column":67}}]},"249":{"line":2465,"type":"cond-expr","locations":[{"start":{"line":2465,"column":38},"end":{"line":2465,"column":65}},{"start":{"line":2465,"column":68},"end":{"line":2465,"column":84}}]},"250":{"line":2489,"type":"cond-expr","locations":[{"start":{"line":2489,"column":25},"end":{"line":2489,"column":27}},{"start":{"line":2489,"column":30},"end":{"line":2489,"column":49}}]},"251":{"line":2518,"type":"cond-expr","locations":[{"start":{"line":2518,"column":32},"end":{"line":2518,"column":41}},{"start":{"line":2518,"column":44},"end":{"line":2518,"column":65}}]},"252":{"line":2519,"type":"cond-expr","locations":[{"start":{"line":2519,"column":32},"end":{"line":2519,"column":44}},{"start":{"line":2519,"column":47},"end":{"line":2519,"column":53}}]},"253":{"line":2549,"type":"binary-expr","locations":[{"start":{"line":2549,"column":9},"end":{"line":2549,"column":23}},{"start":{"line":2549,"column":27},"end":{"line":2549,"column":59}}]},"254":{"line":2581,"type":"cond-expr","locations":[{"start":{"line":2581,"column":31},"end":{"line":2581,"column":52}},{"start":{"line":2581,"column":55},"end":{"line":2581,"column":71}}]},"255":{"line":2627,"type":"cond-expr","locations":[{"start":{"line":2627,"column":23},"end":{"line":2627,"column":48}},{"start":{"line":2627,"column":51},"end":{"line":2627,"column":73}}]}}}}